TN:
SF:lib\ai-fallback.js
FN:45,tryAI
FN:73,tryStaticResponse
FN:168,getAIResponseWithFallback
FN:192,getAICircuitStatus
FNF:4
FNH:3
FNDA:11,tryAI
FNDA:8,tryStaticResponse
FNDA:11,getAIResponseWithFallback
FNDA:0,getAICircuitStatus
DA:19,1
DA:24,1
DA:32,1
DA:47,11
DA:48,1
DA:49,1
DA:52,10
DA:53,10
DA:54,8
DA:55,3
DA:56,3
DA:59,5
DA:60,5
DA:62,2
DA:63,2
DA:74,8
DA:79,8
DA:80,8
DA:81,8
DA:83,0
DA:86,8
DA:87,8
DA:88,8
DA:90,0
DA:93,8
DA:95,8
DA:97,8
DA:99,5
DA:100,3
DA:101,3
DA:107,2
DA:108,1
DA:114,1
DA:116,0
DA:117,0
DA:118,0
DA:119,0
DA:120,0
DA:129,0
DA:131,0
DA:132,0
DA:133,0
DA:134,0
DA:135,0
DA:136,0
DA:137,0
DA:144,1
DA:145,1
DA:151,0
DA:153,0
DA:154,0
DA:170,11
DA:171,11
DA:172,3
DA:173,3
DA:177,8
DA:178,8
DA:179,8
DA:180,5
DA:181,5
DA:185,3
DA:186,3
DA:193,0
LF:63
LH:44
BRDA:45,0,0,11
BRDA:45,1,0,11
BRDA:47,2,0,1
BRDA:47,2,1,10
BRDA:54,3,0,3
BRDA:54,3,1,5
BRDA:54,4,0,8
BRDA:54,4,1,3
BRDA:62,5,0,2
BRDA:62,5,1,0
BRDA:93,6,0,0
BRDA:93,6,1,8
BRDA:93,7,0,8
BRDA:93,7,1,8
BRDA:97,8,0,3
BRDA:97,8,1,5
BRDA:99,9,0,3
BRDA:99,9,1,2
BRDA:99,10,0,5
BRDA:99,10,1,3
BRDA:99,10,2,3
BRDA:103,11,0,3
BRDA:103,11,1,0
BRDA:107,12,0,1
BRDA:107,12,1,1
BRDA:114,13,0,0
BRDA:114,13,1,1
BRDA:114,14,0,1
BRDA:114,14,1,0
BRDA:118,15,0,0
BRDA:118,15,1,0
BRDA:119,16,0,0
BRDA:119,16,1,0
BRDA:122,17,0,0
BRDA:122,17,1,0
BRDA:131,18,0,0
BRDA:131,18,1,0
BRDA:132,19,0,0
BRDA:132,19,1,0
BRDA:133,20,0,0
BRDA:133,20,1,0
BRDA:134,21,0,0
BRDA:134,21,1,0
BRDA:135,22,0,0
BRDA:135,22,1,0
BRDA:144,23,0,1
BRDA:144,23,1,0
BRDA:144,24,0,1
BRDA:144,24,1,0
BRDA:168,25,0,11
BRDA:168,26,0,11
BRDA:171,27,0,3
BRDA:171,27,1,8
BRDA:179,28,0,5
BRDA:179,28,1,3
BRF:55
BRH:32
end_of_record
TN:
SF:lib\ai-system-prompt.js
FN:20,buildDatabaseSummary
FN:27,(anonymous_1)
FN:108,(anonymous_2)
FN:121,(anonymous_3)
FN:144,buildSystemPrompt
FNF:5
FNH:0
FNDA:0,buildDatabaseSummary
FNDA:0,(anonymous_1)
FNDA:0,(anonymous_2)
FNDA:0,(anonymous_3)
FNDA:0,buildSystemPrompt
DA:21,0
DA:22,0
DA:23,0
DA:24,0
DA:27,0
DA:28,0
DA:29,0
DA:30,0
DA:33,0
DA:34,0
DA:35,0
DA:36,0
DA:37,0
DA:39,0
DA:40,0
DA:41,0
DA:43,0
DA:44,0
DA:45,0
DA:48,0
DA:49,0
DA:52,0
DA:53,0
DA:54,0
DA:55,0
DA:56,0
DA:57,0
DA:60,0
DA:62,0
DA:63,0
DA:66,0
DA:67,0
DA:68,0
DA:69,0
DA:71,0
DA:72,0
DA:73,0
DA:74,0
DA:76,0
DA:77,0
DA:78,0
DA:80,0
DA:81,0
DA:82,0
DA:86,0
DA:87,0
DA:88,0
DA:89,0
DA:90,0
DA:91,0
DA:95,0
DA:96,0
DA:97,0
DA:98,0
DA:99,0
DA:100,0
DA:101,0
DA:102,0
DA:103,0
DA:107,0
DA:108,0
DA:109,0
DA:110,0
DA:111,0
DA:112,0
DA:113,0
DA:114,0
DA:115,0
DA:116,0
DA:120,0
DA:121,0
DA:123,0
DA:132,0
DA:133,0
DA:145,0
DA:147,0
DA:153,0
LF:77
LH:0
BRDA:24,0,0,0
BRDA:24,0,1,0
BRDA:29,1,0,0
BRDA:29,1,1,0
BRDA:30,2,0,0
BRDA:30,2,1,0
BRDA:34,3,0,0
BRDA:34,3,1,0
BRDA:35,4,0,0
BRDA:35,4,1,0
BRDA:36,5,0,0
BRDA:36,5,1,0
BRDA:36,5,2,0
BRDA:37,6,0,0
BRDA:37,6,1,0
BRDA:39,7,0,0
BRDA:39,7,1,0
BRDA:40,8,0,0
BRDA:40,8,1,0
BRDA:41,9,0,0
BRDA:41,9,1,0
BRDA:43,10,0,0
BRDA:43,10,1,0
BRDA:44,11,0,0
BRDA:44,11,1,0
BRDA:45,12,0,0
BRDA:45,12,1,0
BRDA:45,13,0,0
BRDA:45,13,1,0
BRDA:45,14,0,0
BRDA:45,14,1,0
BRDA:48,15,0,0
BRDA:48,15,1,0
BRDA:48,15,2,0
BRDA:53,16,0,0
BRDA:53,16,1,0
BRDA:53,16,2,0
BRDA:54,17,0,0
BRDA:54,17,1,0
BRDA:55,18,0,0
BRDA:55,18,1,0
BRDA:56,19,0,0
BRDA:56,19,1,0
BRDA:57,20,0,0
BRDA:57,20,1,0
BRDA:58,21,0,0
BRDA:58,21,1,0
BRDA:58,21,2,0
BRDA:60,22,0,0
BRDA:60,22,1,0
BRDA:62,23,0,0
BRDA:62,23,1,0
BRDA:62,24,0,0
BRDA:62,24,1,0
BRDA:63,25,0,0
BRDA:63,25,1,0
BRDA:63,26,0,0
BRDA:63,26,1,0
BRDA:67,27,0,0
BRDA:67,27,1,0
BRDA:68,28,0,0
BRDA:68,28,1,0
BRDA:72,29,0,0
BRDA:72,29,1,0
BRDA:73,30,0,0
BRDA:73,30,1,0
BRDA:73,31,0,0
BRDA:73,31,1,0
BRDA:73,31,2,0
BRDA:76,32,0,0
BRDA:76,32,1,0
BRDA:77,33,0,0
BRDA:77,33,1,0
BRDA:77,34,0,0
BRDA:77,34,1,0
BRDA:78,35,0,0
BRDA:78,35,1,0
BRDA:80,36,0,0
BRDA:80,36,1,0
BRDA:81,37,0,0
BRDA:81,37,1,0
BRDA:87,38,0,0
BRDA:87,38,1,0
BRDA:88,39,0,0
BRDA:88,39,1,0
BRDA:90,40,0,0
BRDA:90,40,1,0
BRDA:97,41,0,0
BRDA:97,41,1,0
BRDA:98,42,0,0
BRDA:98,42,1,0
BRDA:99,43,0,0
BRDA:99,43,1,0
BRDA:100,44,0,0
BRDA:100,44,1,0
BRDA:101,45,0,0
BRDA:101,45,1,0
BRDA:102,46,0,0
BRDA:102,46,1,0
BRDA:107,47,0,0
BRDA:107,47,1,0
BRDA:109,48,0,0
BRDA:109,48,1,0
BRDA:109,49,0,0
BRDA:109,49,1,0
BRDA:110,50,0,0
BRDA:110,50,1,0
BRDA:111,51,0,0
BRDA:111,51,1,0
BRDA:112,52,0,0
BRDA:112,52,1,0
BRDA:113,53,0,0
BRDA:113,53,1,0
BRDA:114,54,0,0
BRDA:114,54,1,0
BRDA:115,55,0,0
BRDA:115,55,1,0
BRDA:120,56,0,0
BRDA:120,56,1,0
BRDA:145,57,0,0
BRDA:145,57,1,0
BRDA:147,58,0,0
BRDA:147,58,1,0
BRDA:149,59,0,0
BRDA:149,59,1,0
BRF:125
BRH:0
end_of_record
TN:
SF:lib\consent-manager.js
FN:30,getConsentMessage
FN:53,checkConsent
FN:88,recordConsent
FN:125,deleteUserData
FN:149,(anonymous_4)
FN:176,isDeleteDataRequest
FN:186,isConsentAccepted
FN:195,getConsentDeclinedMessage
FN:206,getDataDeletedMessage
FN:227,handleConsentFlow
FNF:10
FNH:10
FNDA:6,getConsentMessage
FNDA:7,checkConsent
FNDA:5,recordConsent
FNDA:5,deleteUserData
FNDA:16,(anonymous_4)
FNDA:11,isDeleteDataRequest
FNDA:9,isConsentAccepted
FNDA:2,getConsentDeclinedMessage
FNDA:5,getDataDeletedMessage
FNDA:5,handleConsentFlow
DA:22,1
DA:25,1
DA:26,1
DA:27,1
DA:31,6
DA:54,7
DA:57,6
DA:60,4
DA:61,4
DA:62,4
DA:68,4
DA:70,1
DA:71,1
DA:78,3
DA:89,5
DA:91,4
DA:94,4
DA:97,4
DA:98,4
DA:99,4
DA:106,4
DA:107,1
DA:111,0
DA:115,4
DA:126,5
DA:127,1
DA:131,4
DA:133,4
DA:134,0
DA:140,4
DA:142,4
DA:149,16
DA:150,4
DA:151,0
DA:152,0
DA:158,4
DA:163,0
DA:164,0
DA:177,11
DA:178,8
DA:187,9
DA:188,6
DA:196,2
DA:207,5
DA:229,5
DA:230,2
DA:231,2
DA:238,3
DA:239,3
DA:242,2
DA:243,1
DA:245,1
DA:255,1
DA:256,1
DA:257,1
DA:258,1
DA:264,1
DA:270,1
DA:271,0
DA:278,1
LF:60
LH:53
BRDA:27,0,0,1
BRDA:27,0,1,1
BRDA:54,1,0,1
BRDA:54,1,1,6
BRDA:57,2,0,2
BRDA:57,2,1,4
BRDA:60,3,0,4
BRDA:60,3,1,0
BRDA:60,4,0,4
BRDA:60,4,1,4
BRDA:68,5,0,1
BRDA:68,5,1,3
BRDA:68,6,0,4
BRDA:68,6,1,1
BRDA:89,7,0,1
BRDA:89,7,1,4
BRDA:97,8,0,4
BRDA:97,8,1,0
BRDA:97,9,0,4
BRDA:97,9,1,4
BRDA:106,10,0,1
BRDA:106,10,1,3
BRDA:126,11,0,1
BRDA:126,11,1,4
BRDA:133,12,0,0
BRDA:133,12,1,4
BRDA:133,13,0,4
BRDA:133,13,1,4
BRDA:150,14,0,0
BRDA:150,14,1,4
BRDA:177,15,0,3
BRDA:177,15,1,8
BRDA:187,16,0,3
BRDA:187,16,1,6
BRDA:229,17,0,2
BRDA:229,17,1,3
BRDA:239,18,0,1
BRDA:239,18,1,2
BRDA:242,19,0,1
BRDA:242,19,1,1
BRDA:256,20,0,1
BRDA:256,20,1,0
BRDA:256,21,0,1
BRDA:256,21,1,1
BRDA:270,22,0,0
BRDA:270,22,1,1
BRF:46
BRH:40
end_of_record
TN:
SF:lib\conversation-state.js
FN:36,getNextStage
FN:84,getStagePrompt
FN:133,generateFinalReport
FN:174,isConversationComplete
FN:183,getProfileCompleteness
FNF:5
FNH:5
FNDA:5,getNextStage
FNDA:11,getStagePrompt
FNDA:4,generateFinalReport
FNDA:9,isConversationComplete
FNDA:4,getProfileCompleteness
DA:18,2
DA:37,5
DA:40,5
DA:41,5
DA:42,5
DA:43,5
DA:46,5
DA:49,4
DA:52,3
DA:55,2
DA:56,2
DA:58,0
DA:59,0
DA:61,0
DA:62,0
DA:64,0
DA:66,0
DA:68,0
DA:69,0
DA:71,0
DA:73,0
DA:85,11
DA:87,2
DA:88,2
DA:90,0
DA:91,0
DA:93,0
DA:96,2
DA:97,2
DA:99,0
DA:100,0
DA:102,0
DA:105,1
DA:106,1
DA:108,0
DA:111,1
DA:114,3
DA:115,1
DA:117,2
DA:121,1
DA:124,1
DA:134,4
DA:136,4
DA:137,4
DA:138,4
DA:139,4
DA:142,4
DA:143,4
DA:144,2
DA:145,2
DA:146,0
DA:147,2
DA:148,0
DA:150,2
DA:154,4
DA:155,4
DA:156,2
DA:158,2
DA:161,4
DA:163,4
DA:175,9
DA:184,4
DA:185,4
DA:186,4
DA:187,4
DA:188,4
DA:189,4
DA:190,4
LF:68
LH:49
BRDA:40,0,0,5
BRDA:40,0,1,4
BRDA:40,0,2,4
BRDA:40,0,3,4
BRDA:41,1,0,5
BRDA:41,1,1,4
BRDA:41,1,2,4
BRDA:42,2,0,5
BRDA:42,2,1,4
BRDA:42,2,2,4
BRDA:42,2,3,4
BRDA:43,3,0,5
BRDA:43,3,1,3
BRDA:43,3,2,2
BRDA:43,3,3,1
BRDA:46,4,0,1
BRDA:46,4,1,4
BRDA:46,5,0,5
BRDA:46,5,1,1
BRDA:49,6,0,1
BRDA:49,6,1,3
BRDA:49,7,0,4
BRDA:49,7,1,1
BRDA:52,8,0,1
BRDA:52,8,1,2
BRDA:52,9,0,3
BRDA:52,9,1,1
BRDA:55,10,0,2
BRDA:55,10,1,0
BRDA:55,10,2,0
BRDA:55,10,3,0
BRDA:55,10,4,0
BRDA:55,10,5,0
BRDA:55,10,6,0
BRDA:55,10,7,0
BRDA:58,11,0,0
BRDA:58,11,1,0
BRDA:61,12,0,0
BRDA:61,12,1,0
BRDA:61,13,0,0
BRDA:61,13,1,0
BRDA:68,14,0,0
BRDA:68,14,1,0
BRDA:85,15,0,2
BRDA:85,15,1,2
BRDA:85,15,2,1
BRDA:85,15,3,1
BRDA:85,15,4,3
BRDA:85,15,5,1
BRDA:85,15,6,1
BRDA:87,16,0,2
BRDA:87,16,1,0
BRDA:90,17,0,0
BRDA:90,17,1,0
BRDA:90,18,0,0
BRDA:90,18,1,0
BRDA:96,19,0,2
BRDA:96,19,1,0
BRDA:99,20,0,0
BRDA:99,20,1,0
BRDA:105,21,0,1
BRDA:105,21,1,0
BRDA:114,22,0,1
BRDA:114,22,1,2
BRDA:136,23,0,2
BRDA:136,23,1,2
BRDA:137,24,0,3
BRDA:137,24,1,1
BRDA:138,25,0,4
BRDA:138,25,1,3
BRDA:139,26,0,4
BRDA:139,26,1,3
BRDA:143,27,0,2
BRDA:143,27,1,2
BRDA:145,28,0,0
BRDA:145,28,1,2
BRDA:147,29,0,0
BRDA:147,29,1,2
BRDA:155,30,0,2
BRDA:155,30,1,2
BRDA:185,31,0,3
BRDA:185,31,1,1
BRDA:186,32,0,1
BRDA:186,32,1,3
BRDA:186,33,0,4
BRDA:186,33,1,1
BRDA:187,34,0,2
BRDA:187,34,1,2
BRDA:188,35,0,1
BRDA:188,35,1,3
BRDA:189,36,0,1
BRDA:189,36,1,3
BRF:92
BRH:66
end_of_record
TN:
SF:lib\dialect-map.js
FN:45,normalizeQatariDialect
FN:47,(anonymous_1)
FNF:2
FNH:0
FNDA:0,normalizeQatariDialect
FNDA:0,(anonymous_1)
DA:11,3
DA:46,0
DA:47,0
DA:48,0
DA:50,0
LF:5
LH:1
BRF:0
BRH:0
end_of_record
TN:
SF:lib\dialect-support.js
FN:70,normalizeDialect
FN:85,getDialectSystemPromptAddition
FNF:2
FNH:2
FNDA:10,normalizeDialect
FNDA:5,getDialectSystemPromptAddition
DA:9,1
DA:71,10
DA:73,5
DA:74,5
DA:75,185
DA:77,5
DA:86,5
LF:7
LH:7
BRDA:71,0,0,5
BRDA:71,0,1,5
BRDA:71,1,0,10
BRDA:71,1,1,6
BRF:4
BRH:4
end_of_record
TN:
SF:lib\knowledge-base.js
FN:28,normalizeText
FN:44,jaccardSimilarity
FN:45,(anonymous_2)
FN:46,(anonymous_3)
FN:48,(anonymous_4)
FN:57,detectCategory
FN:63,(anonymous_6)
FN:84,searchKnowledgeCache
FN:166,saveToKnowledgeCache
FN:230,incrementCacheUse
FN:267,logAnalytics
FN:298,getFromKnowledgeBase
FN:308,(anonymous_12)
FN:309,(anonymous_13)
FN:318,(anonymous_14)
FN:331,generateEmbedding
FN:362,semanticSearch
FN:397,saveToKnowledgeCacheWithEmbedding
FN:576,seedKnowledgeCache
FN:637,(anonymous_19)
FN:655,(anonymous_20)
FN:656,(anonymous_21)
FNF:22
FNH:5
FNDA:347,normalizeText
FNDA:0,jaccardSimilarity
FNDA:0,(anonymous_2)
FNDA:0,(anonymous_3)
FNDA:0,(anonymous_4)
FNDA:6,detectCategory
FNDA:336,(anonymous_6)
FNDA:0,searchKnowledgeCache
FNDA:0,saveToKnowledgeCache
FNDA:0,incrementCacheUse
FNDA:0,logAnalytics
FNDA:2,getFromKnowledgeBase
FNDA:0,(anonymous_12)
FNDA:0,(anonymous_13)
FNDA:0,(anonymous_14)
FNDA:3,generateEmbedding
FNDA:0,semanticSearch
FNDA:0,saveToKnowledgeCacheWithEmbedding
FNDA:0,seedKnowledgeCache
FNDA:0,(anonymous_19)
FNDA:0,(anonymous_20)
FNDA:0,(anonymous_21)
DA:29,347
DA:45,0
DA:46,0
DA:47,0
DA:48,0
DA:49,0
DA:50,0
DA:58,6
DA:59,6
DA:60,6
DA:62,6
DA:63,336
DA:64,36
DA:65,7
DA:66,7
DA:69,6
DA:76,2
DA:77,2
DA:85,0
DA:87,0
DA:88,0
DA:89,0
DA:91,0
DA:93,0
DA:95,0
DA:104,0
DA:107,0
DA:108,0
DA:110,0
DA:112,0
DA:114,0
DA:115,0
DA:117,0
DA:118,0
DA:119,0
DA:123,0
DA:124,0
DA:127,0
DA:128,0
DA:129,0
DA:130,0
DA:131,0
DA:136,0
DA:144,0
DA:146,0
DA:147,0
DA:155,2
DA:156,2
DA:167,0
DA:170,0
DA:171,0
DA:172,0
DA:173,0
DA:175,0
DA:176,0
DA:177,0
DA:180,0
DA:181,0
DA:183,0
DA:185,0
DA:186,0
DA:187,0
DA:189,0
DA:190,0
DA:193,0
DA:209,0
DA:210,0
DA:211,0
DA:214,0
DA:215,0
DA:217,0
DA:218,0
DA:231,0
DA:233,0
DA:235,0
DA:238,0
DA:244,0
DA:245,0
DA:246,0
DA:268,0
DA:270,0
DA:271,0
DA:299,2
DA:301,0
DA:303,0
DA:304,0
DA:306,0
DA:308,0
DA:309,0
DA:311,0
DA:318,0
DA:319,0
DA:333,3
DA:334,3
DA:336,2
DA:337,2
DA:349,2
DA:350,1
DA:351,1
DA:353,0
DA:363,0
DA:365,0
DA:366,0
DA:368,0
DA:369,0
DA:375,0
DA:377,0
DA:378,0
DA:386,0
DA:398,0
DA:401,0
DA:404,0
DA:405,0
DA:407,0
DA:408,0
DA:425,2
DA:561,2
DA:577,0
DA:578,0
DA:579,0
DA:582,0
DA:584,0
DA:586,0
DA:587,0
DA:588,0
DA:591,0
DA:592,0
DA:593,0
DA:594,0
DA:595,0
DA:599,0
DA:615,0
DA:616,0
DA:617,0
DA:618,0
DA:622,0
DA:623,0
DA:624,0
DA:625,0
DA:632,0
DA:633,0
DA:636,0
DA:637,0
DA:640,0
DA:641,0
DA:645,0
DA:646,0
DA:652,2
DA:653,2
DA:655,2
DA:656,0
DA:657,0
LF:152
LH:27
BRDA:47,0,0,0
BRDA:47,0,1,0
BRDA:47,1,0,0
BRDA:47,1,1,0
BRDA:64,2,0,7
BRDA:64,2,1,29
BRDA:85,3,0,0
BRDA:85,3,1,0
BRDA:104,4,0,0
BRDA:104,4,1,0
BRDA:104,5,0,0
BRDA:104,5,1,0
BRDA:104,5,2,0
BRDA:112,6,0,0
BRDA:112,6,1,0
BRDA:112,7,0,0
BRDA:112,7,1,0
BRDA:117,8,0,0
BRDA:117,8,1,0
BRDA:123,9,0,0
BRDA:123,9,1,0
BRDA:123,10,0,0
BRDA:123,10,1,0
BRDA:130,11,0,0
BRDA:130,11,1,0
BRDA:131,12,0,0
BRDA:131,12,1,0
BRDA:166,13,0,0
BRDA:166,14,0,0
BRDA:167,15,0,0
BRDA:167,15,1,0
BRDA:170,16,0,0
BRDA:170,16,1,0
BRDA:170,17,0,0
BRDA:170,17,1,0
BRDA:171,18,0,0
BRDA:171,18,1,0
BRDA:175,19,0,0
BRDA:175,19,1,0
BRDA:181,20,0,0
BRDA:181,20,1,0
BRDA:186,21,0,0
BRDA:186,21,1,0
BRDA:186,22,0,0
BRDA:186,22,1,0
BRDA:209,23,0,0
BRDA:209,23,1,0
BRDA:231,24,0,0
BRDA:231,24,1,0
BRDA:231,25,0,0
BRDA:231,25,1,0
BRDA:244,26,0,0
BRDA:244,26,1,0
BRDA:244,27,0,0
BRDA:244,27,1,0
BRDA:267,28,0,0
BRDA:268,29,0,0
BRDA:268,29,1,0
BRDA:299,30,0,2
BRDA:299,30,1,0
BRDA:306,31,0,0
BRDA:306,31,1,0
BRDA:334,32,0,1
BRDA:334,32,1,2
BRDA:349,33,0,1
BRDA:349,33,1,1
BRDA:351,34,0,1
BRDA:351,34,1,0
BRDA:363,35,0,0
BRDA:363,35,1,0
BRDA:366,36,0,0
BRDA:366,36,1,0
BRDA:375,37,0,0
BRDA:375,37,1,0
BRDA:375,38,0,0
BRDA:375,38,1,0
BRDA:375,38,2,0
BRDA:397,39,0,0
BRDA:397,40,0,0
BRDA:398,41,0,0
BRDA:398,41,1,0
BRDA:405,42,0,0
BRDA:405,42,1,0
BRDA:576,43,0,0
BRDA:576,44,0,0
BRDA:576,45,0,0
BRDA:577,46,0,0
BRDA:577,46,1,0
BRDA:592,47,0,0
BRDA:592,47,1,0
BRDA:592,48,0,0
BRDA:592,48,1,0
BRDA:615,49,0,0
BRDA:615,49,1,0
BRDA:622,50,0,0
BRDA:622,50,1,0
BRDA:624,51,0,0
BRDA:624,51,1,0
BRDA:624,52,0,0
BRDA:624,52,1,0
BRDA:636,53,0,0
BRDA:636,53,1,0
BRDA:652,54,0,2
BRDA:652,54,1,0
BRF:104
BRH:9
end_of_record
TN:
SF:lib\logger.js
FN:52,getEnv
FN:62,getMinLevel
FN:80,formatJSON
FN:106,formatPretty
FN:139,createLogger
FN:146,log
FN:184,(anonymous_6)
FN:193,(anonymous_7)
FN:203,(anonymous_8)
FN:221,(anonymous_9)
FN:242,generateRequestId
FNF:11
FNH:8
FNDA:112,getEnv
FNDA:56,getMinLevel
FNDA:0,formatJSON
FNDA:56,formatPretty
FNDA:8,createLogger
FNDA:56,log
FNDA:21,(anonymous_6)
FNDA:23,(anonymous_7)
FNDA:12,(anonymous_8)
FNDA:0,(anonymous_9)
FNDA:0,generateRequestId
DA:29,8
DA:37,8
DA:53,112
DA:63,56
DA:64,56
DA:81,0
DA:87,0
DA:89,0
DA:92,0
DA:107,56
DA:108,56
DA:111,56
DA:117,56
DA:118,56
DA:120,56
DA:122,56
DA:124,9
DA:125,9
DA:128,56
DA:147,56
DA:150,56
DA:151,0
DA:154,56
DA:155,56
DA:156,56
DA:161,56
DA:163,12
DA:164,12
DA:166,23
DA:167,23
DA:169,0
DA:170,0
DA:173,21
DA:174,21
DA:178,8
DA:185,21
DA:194,23
DA:205,12
DA:206,0
DA:213,12
DA:222,0
DA:244,0
DA:246,0
DA:250,0
DA:251,0
DA:259,8
LF:46
LH:33
BRDA:53,0,0,112
BRDA:53,0,1,0
BRDA:63,1,0,0
BRDA:63,1,1,56
BRDA:64,2,0,0
BRDA:64,2,1,56
BRDA:87,3,0,0
BRDA:87,3,1,0
BRDA:87,4,0,0
BRDA:87,4,1,0
BRDA:87,4,2,0
BRDA:118,5,0,56
BRDA:118,5,1,0
BRDA:122,6,0,9
BRDA:122,6,1,47
BRDA:122,7,0,56
BRDA:122,7,1,9
BRDA:122,7,2,9
BRDA:150,8,0,0
BRDA:150,8,1,56
BRDA:156,9,0,0
BRDA:156,9,1,56
BRDA:161,10,0,12
BRDA:161,10,1,23
BRDA:161,10,2,0
BRDA:161,10,3,21
BRDA:161,10,4,21
BRDA:205,11,0,0
BRDA:205,11,1,12
BRDA:205,12,0,12
BRDA:205,12,1,8
BRDA:244,13,0,0
BRDA:244,13,1,0
BRDA:244,14,0,0
BRDA:244,14,1,0
BRF:35
BRH:18
end_of_record
TN:
SF:lib\nationality-advisor.js
FN:10,addNationalityContext
FNF:1
FNH:1
FNDA:52,addNationalityContext
DA:11,52
DA:13,49
DA:14,49
DA:17,52
DA:18,52
DA:19,10
DA:20,10
DA:24,49
DA:25,49
DA:26,5
DA:27,5
DA:31,49
DA:32,49
DA:33,6
DA:34,6
DA:38,49
DA:39,2
DA:40,1
DA:42,1
DA:47,49
DA:48,49
DA:49,12
DA:50,6
DA:52,6
DA:57,49
DA:58,1
DA:62,49
DA:63,2
DA:64,1
DA:66,1
DA:71,49
DA:72,2
DA:73,1
DA:75,1
DA:80,49
DA:81,2
DA:82,1
DA:87,49
DA:88,2
DA:89,1
DA:91,1
DA:96,49
DA:97,2
DA:98,1
DA:103,49
DA:104,44
DA:110,5
LF:47
LH:47
BRDA:11,0,0,3
BRDA:11,0,1,49
BRDA:11,1,0,52
BRDA:11,1,1,50
BRDA:14,2,0,49
BRDA:14,2,1,1
BRDA:18,3,0,10
BRDA:18,3,1,42
BRDA:18,4,0,52
BRDA:18,4,1,11
BRDA:25,5,0,5
BRDA:25,5,1,44
BRDA:25,6,0,49
BRDA:25,6,1,5
BRDA:32,7,0,6
BRDA:32,7,1,43
BRDA:32,8,0,49
BRDA:32,8,1,6
BRDA:38,9,0,2
BRDA:38,9,1,47
BRDA:39,10,0,1
BRDA:39,10,1,1
BRDA:48,11,0,12
BRDA:48,11,1,37
BRDA:49,12,0,6
BRDA:49,12,1,6
BRDA:57,13,0,1
BRDA:57,13,1,48
BRDA:57,14,0,49
BRDA:57,14,1,2
BRDA:62,15,0,2
BRDA:62,15,1,47
BRDA:63,16,0,1
BRDA:63,16,1,1
BRDA:71,17,0,2
BRDA:71,17,1,47
BRDA:72,18,0,1
BRDA:72,18,1,1
BRDA:80,19,0,2
BRDA:80,19,1,47
BRDA:81,20,0,1
BRDA:81,20,1,1
BRDA:87,21,0,2
BRDA:87,21,1,47
BRDA:88,22,0,1
BRDA:88,22,1,1
BRDA:96,23,0,2
BRDA:96,23,1,47
BRDA:97,24,0,1
BRDA:97,24,1,1
BRDA:103,25,0,44
BRDA:103,25,1,5
BRDA:106,26,0,44
BRDA:106,26,1,0
BRF:54
BRH:53
end_of_record
TN:
SF:lib\rate-limiter.js
FN:17,initRedis
FN:43,inMemoryRateLimit
FN:73,checkRateLimit
FN:112,rateLimitMiddleware
FNF:4
FNH:3
FNDA:6,initRedis
FNDA:6,inMemoryRateLimit
FNDA:6,checkRateLimit
FNDA:0,rateLimitMiddleware
DA:14,1
DA:15,1
DA:18,6
DA:20,6
DA:21,6
DA:23,6
DA:24,6
DA:27,0
DA:28,0
DA:29,0
DA:31,0
DA:32,0
DA:33,0
DA:35,0
DA:40,1
DA:41,1
DA:44,6
DA:45,6
DA:47,6
DA:48,0
DA:49,0
DA:52,6
DA:53,6
DA:55,6
DA:78,6
DA:81,6
DA:83,6
DA:84,0
DA:85,0
DA:91,0
DA:92,0
DA:105,6
DA:106,6
DA:113,0
DA:117,0
DA:119,0
DA:120,0
DA:121,0
DA:122,0
DA:123,0
DA:125,0
DA:131,0
DA:132,0
DA:134,0
LF:44
LH:20
BRDA:18,0,0,0
BRDA:18,0,1,6
BRDA:23,1,0,6
BRDA:23,1,1,0
BRDA:23,2,0,6
BRDA:23,2,1,0
BRDA:41,3,0,1
BRDA:41,3,1,0
BRDA:45,4,0,6
BRDA:45,4,1,4
BRDA:47,5,0,0
BRDA:47,5,1,6
BRDA:73,6,0,6
BRDA:74,7,0,6
BRDA:75,8,0,6
BRDA:76,9,0,6
BRDA:83,10,0,0
BRDA:83,10,1,6
BRDA:83,11,0,6
BRDA:83,11,1,0
BRDA:112,12,0,0
BRDA:113,13,0,0
BRDA:113,13,1,0
BRDA:113,13,2,0
BRDA:119,14,0,0
BRDA:119,14,1,0
BRDA:120,15,0,0
BRDA:120,15,1,0
BRDA:131,16,0,0
BRDA:131,16,1,0
BRF:30
BRH:13
end_of_record
TN:
SF:lib\security-headers.js
FN:18,addSecurityHeaders
FN:71,apiSecurityMiddleware
FNF:2
FNH:2
FNDA:14,addSecurityHeaders
FNDA:6,apiSecurityMiddleware
DA:12,1
DA:20,14
DA:37,14
DA:40,14
DA:43,14
DA:46,14
DA:49,14
DA:55,14
DA:56,14
DA:57,14
DA:60,14
DA:61,1
DA:72,6
DA:75,6
DA:76,6
DA:77,3
DA:78,3
DA:81,3
LF:18
LH:18
BRDA:60,0,0,1
BRDA:60,0,1,13
BRDA:76,1,0,3
BRDA:76,1,1,3
BRF:4
BRH:4
end_of_record
TN:
SF:lib\semantic-search.js
FN:18,generateEmbedding
FN:53,semanticSearch
FN:85,saveKnowledgeEmbedding
FN:114,hybridSearch
FN:120,(anonymous_4)
FN:124,(anonymous_5)
FN:131,(anonymous_6)
FN:132,(anonymous_7)
FNF:8
FNH:6
FNDA:3,generateEmbedding
FNDA:3,semanticSearch
FNDA:0,saveKnowledgeEmbedding
FNDA:2,hybridSearch
FNDA:0,(anonymous_4)
FNDA:2,(anonymous_5)
FNDA:1,(anonymous_6)
FNDA:2,(anonymous_7)
DA:9,1
DA:10,1
DA:11,1
DA:22,3
DA:23,3
DA:25,2
DA:26,2
DA:39,1
DA:40,0
DA:41,0
DA:43,1
DA:58,3
DA:60,0
DA:61,0
DA:63,0
DA:64,0
DA:71,0
DA:72,0
DA:74,0
DA:86,0
DA:88,0
DA:89,0
DA:91,0
DA:92,0
DA:102,0
DA:104,0
DA:115,2
DA:118,2
DA:120,2
DA:121,0
DA:124,2
DA:125,2
DA:126,2
DA:130,2
DA:131,1
DA:132,2
LF:36
LH:19
BRDA:22,0,0,3
BRDA:22,0,1,3
BRDA:23,1,0,1
BRDA:23,1,1,2
BRDA:39,2,0,1
BRDA:39,2,1,0
BRDA:41,3,0,0
BRDA:41,3,1,0
BRDA:53,4,0,3
BRDA:54,5,0,3
BRDA:55,6,0,3
BRDA:56,7,0,3
BRDA:58,8,0,3
BRDA:58,8,1,0
BRDA:58,9,0,3
BRDA:58,9,1,0
BRDA:61,10,0,0
BRDA:61,10,1,0
BRDA:61,11,0,0
BRDA:61,11,1,0
BRDA:71,12,0,0
BRDA:71,12,1,0
BRDA:72,13,0,0
BRDA:72,13,1,0
BRDA:85,14,0,0
BRDA:86,15,0,0
BRDA:86,15,1,0
BRDA:86,16,0,0
BRDA:86,16,1,0
BRDA:89,17,0,0
BRDA:89,17,1,0
BRDA:99,18,0,0
BRDA:99,18,1,0
BRDA:114,19,0,2
BRDA:125,20,0,2
BRDA:125,20,1,0
BRF:36
BRH:13
end_of_record
TN:
SF:lib\user-profiler.js
FN:56,detectUserType
FN:61,(anonymous_1)
FN:95,detectNationality
FN:99,(anonymous_3)
FN:100,(anonymous_4)
FN:115,detectTrack
FN:120,(anonymous_6)
FN:135,extractGPA
FN:170,buildUserProfile
FN:227,buildProfileContext
FN:261,getWelcomeMessage
FN:286,getNextProfilingQuestion
FN:316,generateSmartSuggestions
FN:430,getInMemoryProfile
FN:448,saveInMemoryProfile
FN:461,invalidateInMemoryProfile
FNF:16
FNH:16
FNDA:16,detectUserType
FNDA:465,(anonymous_1)
FNDA:17,detectNationality
FNDA:70,(anonymous_3)
FNDA:66,(anonymous_4)
FNDA:18,detectTrack
FNDA:216,(anonymous_6)
FNDA:18,extractGPA
FNDA:6,buildUserProfile
FNDA:3,buildProfileContext
FNDA:1,getWelcomeMessage
FNDA:4,getNextProfilingQuestion
FNDA:6,generateSmartSuggestions
FNDA:3,getInMemoryProfile
FNDA:2,saveInMemoryProfile
FNDA:81,invalidateInMemoryProfile
DA:20,5
DA:30,5
DA:57,16
DA:58,13
DA:60,13
DA:61,465
DA:62,6
DA:67,7
DA:68,3
DA:71,4
DA:78,5
DA:83,5
DA:96,17
DA:97,14
DA:99,70
DA:100,66
DA:101,4
DA:108,5
DA:116,18
DA:117,16
DA:119,16
DA:120,216
DA:122,5
DA:137,18
DA:138,18
DA:139,9
DA:140,9
DA:144,10
DA:145,10
DA:146,3
DA:147,3
DA:151,8
DA:152,8
DA:153,3
DA:154,3
DA:157,8
DA:171,6
DA:174,6
DA:175,6
DA:176,5
DA:180,6
DA:181,6
DA:184,6
DA:185,6
DA:188,6
DA:189,6
DA:192,6
DA:194,6
DA:201,5
DA:210,5
DA:215,5
DA:228,3
DA:230,1
DA:232,1
DA:233,1
DA:236,1
DA:237,1
DA:240,1
DA:241,1
DA:244,1
DA:245,1
DA:248,1
DA:250,1
DA:262,1
DA:287,4
DA:288,1
DA:291,3
DA:292,1
DA:295,2
DA:296,1
DA:299,1
DA:300,0
DA:303,1
DA:317,6
DA:320,6
DA:321,1
DA:329,5
DA:330,1
DA:338,4
DA:339,2
DA:340,1
DA:346,1
DA:347,0
DA:353,1
DA:354,0
DA:361,1
DA:369,2
DA:370,1
DA:376,1
DA:377,0
DA:383,1
DA:384,0
DA:392,1
DA:393,0
DA:399,1
DA:400,0
DA:408,1
DA:421,5
DA:422,5
DA:423,5
DA:431,3
DA:432,3
DA:434,1
DA:435,1
DA:436,0
DA:437,0
DA:440,1
DA:449,2
DA:451,0
DA:452,0
DA:454,2
DA:462,81
LF:112
LH:101
BRDA:56,0,0,16
BRDA:57,1,0,3
BRDA:57,1,1,13
BRDA:61,2,0,6
BRDA:61,2,1,27
BRDA:67,3,0,3
BRDA:67,3,1,4
BRDA:67,4,0,7
BRDA:67,4,1,7
BRDA:95,5,0,17
BRDA:96,6,0,3
BRDA:96,6,1,14
BRDA:99,7,0,6
BRDA:99,7,1,8
BRDA:100,8,0,4
BRDA:100,8,1,4
BRDA:115,9,0,18
BRDA:116,10,0,2
BRDA:116,10,1,16
BRDA:120,11,0,11
BRDA:120,11,1,30
BRDA:138,12,0,9
BRDA:138,12,1,9
BRDA:140,13,0,8
BRDA:140,13,1,1
BRDA:140,14,0,9
BRDA:140,14,1,8
BRDA:145,15,0,3
BRDA:145,15,1,7
BRDA:147,16,0,2
BRDA:147,16,1,1
BRDA:147,17,0,3
BRDA:147,17,1,2
BRDA:152,18,0,3
BRDA:152,18,1,5
BRDA:154,19,0,0
BRDA:154,19,1,3
BRDA:154,20,0,3
BRDA:154,20,1,1
BRDA:170,21,0,6
BRDA:175,22,0,5
BRDA:175,22,1,1
BRDA:175,23,0,6
BRDA:175,23,1,3
BRDA:181,24,0,4
BRDA:181,24,1,2
BRDA:185,25,0,3
BRDA:185,25,1,3
BRDA:189,26,0,2
BRDA:189,26,1,4
BRDA:192,27,0,6
BRDA:192,27,1,4
BRDA:228,28,0,2
BRDA:228,28,1,1
BRDA:228,29,0,3
BRDA:228,29,1,2
BRDA:232,30,0,1
BRDA:232,30,1,0
BRDA:233,31,0,1
BRDA:233,31,1,0
BRDA:236,32,0,1
BRDA:236,32,1,0
BRDA:237,33,0,1
BRDA:237,33,1,0
BRDA:240,34,0,1
BRDA:240,34,1,0
BRDA:241,35,0,1
BRDA:241,35,1,0
BRDA:244,36,0,1
BRDA:244,36,1,0
BRDA:248,37,0,0
BRDA:248,37,1,1
BRDA:287,38,0,1
BRDA:287,38,1,3
BRDA:287,39,0,4
BRDA:287,39,1,4
BRDA:291,40,0,1
BRDA:291,40,1,2
BRDA:295,41,0,1
BRDA:295,41,1,1
BRDA:295,42,0,2
BRDA:295,42,1,1
BRDA:299,43,0,0
BRDA:299,43,1,1
BRDA:299,44,0,1
BRDA:299,44,1,0
BRDA:316,45,0,6
BRDA:317,46,0,6
BRDA:317,46,1,0
BRDA:320,47,0,1
BRDA:320,47,1,5
BRDA:322,48,0,1
BRDA:322,48,1,0
BRDA:329,49,0,1
BRDA:329,49,1,4
BRDA:338,50,0,2
BRDA:338,50,1,2
BRDA:339,51,0,1
BRDA:339,51,1,1
BRDA:342,52,0,0
BRDA:342,52,1,1
BRDA:346,53,0,0
BRDA:346,53,1,1
BRDA:350,54,0,0
BRDA:350,54,1,0
BRDA:353,55,0,0
BRDA:353,55,1,1
BRDA:369,56,0,1
BRDA:369,56,1,1
BRDA:376,57,0,0
BRDA:376,57,1,1
BRDA:383,58,0,0
BRDA:383,58,1,1
BRDA:392,59,0,0
BRDA:392,59,1,1
BRDA:399,60,0,0
BRDA:399,60,1,1
BRDA:432,61,0,2
BRDA:432,61,1,1
BRDA:435,62,0,0
BRDA:435,62,1,1
BRDA:449,63,0,0
BRDA:449,63,1,2
BRF:123
BRH:99
end_of_record
TN:
SF:lib\validateEnv.js
FN:39,validateEnv
FN:46,(anonymous_1)
FN:50,(anonymous_2)
FN:51,(anonymous_3)
FN:66,requireEnv
FN:70,(anonymous_5)
FNF:6
FNH:6
FNDA:17,validateEnv
FNDA:27,(anonymous_1)
FNDA:32,(anonymous_2)
FNDA:29,(anonymous_3)
FNDA:5,requireEnv
FNDA:10,(anonymous_5)
DA:11,1
DA:40,17
DA:41,17
DA:42,2
DA:45,15
DA:46,27
DA:49,15
DA:50,32
DA:51,29
DA:53,15
DA:67,5
DA:69,5
DA:70,10
DA:73,5
DA:74,2
DA:75,2
DA:79,2
DA:82,3
LF:18
LH:18
BRDA:41,0,0,2
BRDA:41,0,1,15
BRDA:46,1,0,27
BRDA:46,1,1,19
BRDA:69,2,0,5
BRDA:69,2,1,0
BRDA:73,3,0,2
BRDA:73,3,1,3
BRF:8
BRH:7
end_of_record
