TN:
SF:api\admin.js
FN:15,handler
FNF:1
FNH:1
FNDA:11,handler
DA:1,1
DA:2,1
DA:3,1
DA:4,1
DA:5,1
DA:6,1
DA:7,1
DA:8,1
DA:9,1
DA:10,1
DA:11,1
DA:12,1
DA:13,1
DA:14,1
DA:15,1
DA:16,11
DA:17,11
DA:18,10
DA:19,10
DA:20,10
DA:21,11
DA:22,11
DA:23,11
DA:24,11
DA:25,11
DA:26,11
DA:27,8
DA:28,8
DA:29,8
DA:30,8
DA:31,8
DA:32,8
DA:33,8
DA:34,11
DA:35,7
DA:36,7
DA:37,7
DA:38,11
DA:39,1
DA:40,1
DA:41,1
DA:42,1
DA:43,11
DA:44,11
DA:45,11
DA:46,11
DA:47,11
DA:48,11
DA:49,11
DA:50,11
DA:51,11
DA:52,11
DA:53,11
DA:54,0
DA:55,0
DA:56,6
DA:57,11
DA:58,2
DA:59,2
DA:60,4
DA:61,4
DA:62,4
DA:63,4
DA:64,4
DA:65,4
DA:66,4
DA:67,3
DA:68,3
DA:69,3
DA:70,3
DA:71,3
DA:72,3
DA:73,3
DA:74,3
DA:75,3
DA:76,3
DA:77,11
DA:78,11
DA:79,11
DA:80,11
DA:81,1
DA:82,1
DA:83,11
LF:83
LH:81
BRDA:15,0,0,11
BRDA:17,1,0,1
BRDA:18,2,0,10
BRDA:21,3,0,0
BRDA:25,4,0,1
BRDA:26,5,0,9
BRDA:26,6,0,1
BRDA:27,7,0,8
BRDA:34,8,0,1
BRDA:34,9,0,7
BRDA:38,10,0,1
BRDA:42,11,0,6
BRDA:43,12,0,1
BRDA:52,13,0,4
BRDA:53,14,0,0
BRDA:55,15,0,6
BRDA:57,16,0,2
BRDA:59,17,0,4
BRDA:67,18,0,3
BRDA:77,19,0,0
BRDA:80,20,0,1
BRDA:63,21,0,3
BRDA:64,22,0,3
BRF:23
BRH:20
end_of_record
TN:
SF:api\chat.js
FN:1,(empty-report)
FNF:1
FNH:0
FNDA:0,(empty-report)
DA:1,0
DA:2,0
DA:3,0
DA:4,0
DA:5,0
DA:6,0
DA:7,0
DA:8,0
DA:9,0
DA:10,0
DA:11,0
DA:12,0
DA:13,0
DA:14,0
DA:16,0
DA:17,0
DA:18,0
DA:20,0
DA:21,0
DA:22,0
DA:23,0
DA:25,0
DA:26,0
DA:27,0
DA:29,0
DA:30,0
DA:31,0
DA:32,0
DA:33,0
DA:34,0
DA:35,0
DA:36,0
DA:37,0
DA:39,0
DA:40,0
DA:41,0
DA:43,0
DA:44,0
DA:45,0
DA:46,0
DA:47,0
DA:49,0
DA:51,0
DA:52,0
DA:53,0
DA:55,0
DA:56,0
DA:57,0
DA:58,0
DA:60,0
DA:61,0
DA:62,0
DA:64,0
DA:65,0
DA:67,0
DA:68,0
DA:69,0
DA:71,0
DA:72,0
DA:74,0
DA:75,0
DA:76,0
DA:77,0
DA:78,0
DA:79,0
DA:80,0
DA:81,0
DA:82,0
DA:83,0
DA:84,0
DA:86,0
DA:87,0
DA:88,0
DA:89,0
DA:90,0
DA:91,0
DA:93,0
DA:95,0
DA:97,0
DA:98,0
DA:99,0
DA:100,0
DA:101,0
DA:102,0
DA:103,0
DA:104,0
DA:105,0
DA:106,0
DA:107,0
DA:108,0
DA:109,0
DA:110,0
LF:92
LH:0
BRDA:1,0,0,0
BRF:1
BRH:0
end_of_record
TN:
SF:api\cron-pdppl-cleanup.js
FN:1,(empty-report)
FNF:1
FNH:0
FNDA:0,(empty-report)
DA:1,0
DA:2,0
DA:3,0
DA:4,0
DA:5,0
DA:6,0
DA:7,0
DA:8,0
DA:9,0
DA:10,0
DA:11,0
DA:12,0
DA:13,0
DA:14,0
DA:15,0
DA:16,0
DA:17,0
DA:19,0
DA:20,0
DA:22,0
DA:23,0
DA:24,0
DA:25,0
DA:27,0
DA:28,0
DA:29,0
DA:31,0
DA:32,0
DA:33,0
DA:35,0
DA:36,0
DA:37,0
DA:39,0
DA:40,0
DA:41,0
DA:43,0
DA:44,0
DA:45,0
DA:46,0
DA:47,0
DA:48,0
DA:49,0
DA:51,0
DA:52,0
DA:53,0
DA:54,0
DA:55,0
DA:56,0
DA:57,0
DA:59,0
DA:60,0
DA:61,0
DA:62,0
DA:63,0
DA:65,0
DA:66,0
DA:67,0
DA:68,0
DA:69,0
DA:70,0
DA:71,0
DA:73,0
DA:74,0
DA:75,0
DA:76,0
DA:77,0
DA:79,0
DA:80,0
DA:81,0
DA:82,0
DA:83,0
DA:84,0
DA:85,0
DA:87,0
DA:88,0
DA:89,0
DA:90,0
DA:91,0
DA:92,0
DA:93,0
DA:94,0
DA:96,0
DA:97,0
DA:98,0
DA:99,0
DA:100,0
DA:101,0
DA:102,0
DA:103,0
DA:104,0
DA:105,0
DA:106,0
DA:107,0
DA:108,0
DA:109,0
DA:110,0
DA:111,0
DA:112,0
DA:113,0
DA:114,0
DA:115,0
DA:116,0
DA:117,0
DA:118,0
DA:119,0
DA:120,0
DA:121,0
DA:123,0
DA:124,0
DA:125,0
DA:126,0
DA:127,0
DA:128,0
DA:129,0
DA:130,0
DA:131,0
DA:132,0
DA:134,0
DA:135,0
DA:136,0
DA:137,0
DA:138,0
DA:139,0
DA:140,0
DA:141,0
DA:142,0
DA:143,0
DA:144,0
DA:146,0
DA:148,0
DA:149,0
DA:150,0
DA:151,0
DA:152,0
DA:153,0
DA:154,0
DA:155,0
DA:156,0
DA:157,0
DA:159,0
DA:160,0
DA:161,0
DA:162,0
DA:163,0
DA:164,0
DA:165,0
DA:166,0
DA:167,0
DA:168,0
DA:169,0
DA:170,0
DA:171,0
DA:172,0
DA:173,0
DA:174,0
DA:175,0
DA:176,0
DA:177,0
DA:178,0
LF:159
LH:0
BRDA:1,0,0,0
BRF:1
BRH:0
end_of_record
TN:
SF:api\health.js
FN:20,handler
FNF:1
FNH:1
FNDA:7,handler
DA:1,1
DA:2,1
DA:3,1
DA:4,1
DA:5,1
DA:6,1
DA:7,1
DA:9,1
DA:10,1
DA:11,1
DA:12,1
DA:13,1
DA:14,1
DA:16,1
DA:17,1
DA:18,1
DA:20,1
DA:21,7
DA:22,7
DA:23,7
DA:24,0
DA:25,0
DA:27,7
DA:28,7
DA:29,7
DA:30,7
DA:31,7
DA:33,5
DA:34,5
DA:35,5
DA:36,5
DA:37,5
DA:38,5
DA:39,7
DA:41,5
DA:42,5
DA:44,5
DA:45,5
DA:46,7
DA:48,7
DA:49,2
DA:50,2
DA:51,2
DA:52,2
DA:53,2
DA:54,2
DA:55,1
DA:56,1
DA:57,1
DA:58,1
DA:59,1
DA:60,2
DA:61,0
DA:62,0
DA:63,0
DA:64,7
DA:65,3
DA:66,3
DA:68,5
DA:69,5
DA:70,5
DA:71,5
DA:72,7
DA:73,7
DA:74,5
DA:75,5
DA:76,5
DA:77,5
DA:78,5
DA:79,5
DA:81,5
DA:82,5
DA:84,5
DA:85,7
DA:87,7
DA:88,7
DA:89,7
DA:90,7
DA:91,7
DA:92,7
DA:93,7
DA:94,7
LF:82
LH:77
BRDA:20,0,0,7
BRDA:23,1,0,0
BRDA:30,2,0,1
BRDA:30,3,0,6
BRDA:31,4,0,1
BRDA:31,5,0,5
BRDA:39,6,0,0
BRDA:39,7,0,5
BRDA:46,8,0,3
BRDA:48,9,0,2
BRDA:48,10,0,2
BRDA:54,11,0,1
BRDA:60,12,0,0
BRDA:64,13,0,3
BRDA:66,14,0,5
BRDA:72,15,0,0
BRDA:72,16,0,5
BRDA:73,17,0,0
BRDA:73,18,0,0
BRDA:73,19,0,5
BRDA:85,20,0,4
BRDA:85,21,0,1
BRF:22
BRH:16
end_of_record
TN:
SF:api\webhook.js
FN:19,getRawBody
FN:43,isRateLimited
FN:66,maskPhone
FN:75,verifySignature
FN:98,handler
FNF:5
FNH:5
FNDA:9,getRawBody
FNDA:14,isRateLimited
FNDA:5,maskPhone
FNDA:9,verifySignature
FNDA:15,handler
DA:2,1
DA:3,1
DA:4,1
DA:5,1
DA:9,1
DA:10,1
DA:11,1
DA:12,1
DA:13,1
DA:19,9
DA:20,9
DA:21,9
DA:22,9
DA:23,9
DA:24,9
DA:25,9
DA:26,9
DA:29,1
DA:30,1
DA:35,1
DA:36,1
DA:37,1
DA:43,14
DA:44,14
DA:45,14
DA:47,14
DA:48,14
DA:50,14
DA:51,0
DA:52,0
DA:53,0
DA:54,0
DA:55,14
DA:56,14
DA:58,0
DA:59,0
DA:60,0
DA:66,5
DA:67,5
DA:68,5
DA:69,5
DA:75,9
DA:76,9
DA:78,9
DA:80,9
DA:81,0
DA:82,0
DA:83,0
DA:85,9
DA:86,9
DA:87,9
DA:89,0
DA:90,0
DA:91,0
DA:92,0
DA:93,0
DA:94,0
DA:95,0
DA:96,9
DA:98,15
DA:100,15
DA:103,15
DA:104,3
DA:105,0
DA:107,15
DA:108,0
DA:109,0
DA:110,0
DA:113,15
DA:114,3
DA:115,3
DA:116,3
DA:118,3
DA:119,1
DA:120,1
DA:121,1
DA:122,2
DA:123,2
DA:126,15
DA:128,10
DA:129,10
DA:130,1
DA:131,1
DA:132,1
DA:135,9
DA:136,9
DA:140,9
DA:141,10
DA:142,0
DA:143,0
DA:144,0
DA:146,9
DA:147,9
DA:148,9
DA:149,10
DA:150,1
DA:151,1
DA:152,1
DA:155,10
DA:156,1
DA:157,1
DA:159,7
DA:160,7
DA:161,7
DA:164,10
DA:165,0
DA:166,0
DA:167,7
DA:168,10
DA:169,0
DA:170,0
DA:171,0
DA:173,7
DA:175,7
DA:177,10
DA:178,4
DA:179,10
DA:181,2
DA:182,1
DA:183,1
DA:184,1
DA:185,1
DA:186,3
DA:189,1
DA:190,1
DA:191,1
DA:192,1
DA:193,1
DA:194,1
DA:195,1
DA:196,1
DA:197,1
DA:198,1
DA:200,10
DA:201,1
DA:202,1
DA:205,10
DA:206,1
DA:207,1
DA:209,5
DA:213,5
DA:214,5
DA:215,5
DA:216,5
DA:218,4
DA:220,10
DA:221,1
DA:223,1
DA:225,5
DA:226,5
DA:228,1
DA:229,1
LF:152
LH:123
BRDA:19,0,0,9
BRDA:20,1,0,9
BRDA:22,2,0,9
BRDA:22,3,0,0
BRDA:23,4,0,9
BRDA:43,5,0,14
BRDA:47,6,0,0
BRDA:50,7,0,0
BRDA:56,8,0,0
BRDA:66,9,0,5
BRDA:67,10,0,0
BRDA:75,11,0,9
BRDA:80,12,0,0
BRDA:87,13,0,0
BRDA:98,14,0,15
BRDA:100,15,0,1
BRDA:100,16,0,14
BRDA:103,17,0,3
BRDA:103,18,0,3
BRDA:104,19,0,0
BRDA:107,20,0,0
BRDA:110,21,0,14
BRDA:113,22,0,3
BRDA:118,23,0,2
BRDA:118,24,0,1
BRDA:121,25,0,2
BRDA:123,26,0,11
BRDA:126,27,0,10
BRDA:128,28,0,0
BRDA:129,29,0,1
BRDA:132,30,0,9
BRDA:141,31,0,0
BRDA:144,32,0,9
BRDA:149,33,0,1
BRDA:152,34,0,8
BRDA:155,35,0,1
BRDA:157,36,0,7
BRDA:164,37,0,0
BRDA:166,38,0,7
BRDA:168,39,0,0
BRDA:171,40,0,7
BRDA:177,41,0,4
BRDA:179,42,0,3
BRDA:179,43,0,2
BRDA:181,44,0,1
BRDA:186,45,0,1
BRDA:198,46,0,6
BRDA:200,47,0,1
BRDA:202,48,0,5
BRDA:205,49,0,1
BRDA:207,50,0,5
BRDA:216,51,0,4
BRDA:220,52,0,1
BRDA:223,53,0,5
BRDA:226,54,0,1
BRF:55
BRH:42
end_of_record
TN:
SF:lib\ai-fallback.js
FN:45,tryClaude
FN:73,tryStaticResponse
FN:139,getAIResponseWithFallback
FN:163,getClaudeCircuitStatus
FNF:4
FNH:3
FNDA:11,tryClaude
FNDA:8,tryStaticResponse
FNDA:11,getAIResponseWithFallback
FNDA:0,getClaudeCircuitStatus
DA:1,1
DA:2,1
DA:3,1
DA:4,1
DA:5,1
DA:6,1
DA:7,1
DA:8,1
DA:9,1
DA:10,1
DA:12,1
DA:13,1
DA:14,1
DA:16,1
DA:17,1
DA:18,1
DA:19,1
DA:21,1
DA:22,1
DA:23,1
DA:24,1
DA:25,1
DA:26,1
DA:27,1
DA:29,1
DA:30,1
DA:31,1
DA:32,1
DA:33,1
DA:34,1
DA:35,1
DA:36,1
DA:38,1
DA:39,1
DA:40,1
DA:41,1
DA:42,1
DA:43,1
DA:44,1
DA:45,11
DA:46,11
DA:47,11
DA:48,1
DA:49,1
DA:50,1
DA:52,10
DA:53,10
DA:54,11
DA:55,3
DA:56,3
DA:57,3
DA:58,5
DA:59,5
DA:60,5
DA:61,11
DA:62,2
DA:63,2
DA:64,2
DA:65,11
DA:67,1
DA:68,1
DA:69,1
DA:70,1
DA:71,1
DA:72,1
DA:73,8
DA:74,8
DA:75,8
DA:76,8
DA:77,8
DA:79,8
DA:80,8
DA:81,8
DA:82,8
DA:83,0
DA:84,0
DA:86,8
DA:87,8
DA:88,8
DA:89,8
DA:90,0
DA:91,0
DA:93,8
DA:95,8
DA:97,8
DA:99,8
DA:100,3
DA:101,3
DA:102,3
DA:103,3
DA:104,3
DA:105,3
DA:107,8
DA:108,1
DA:109,1
DA:110,1
DA:111,1
DA:112,1
DA:114,8
DA:115,0
DA:116,0
DA:117,0
DA:118,0
DA:119,0
DA:120,0
DA:122,2
DA:123,8
DA:124,0
DA:125,0
DA:126,0
DA:127,8
DA:129,1
DA:130,1
DA:131,1
DA:132,1
DA:133,1
DA:134,1
DA:135,1
DA:136,1
DA:137,1
DA:138,1
DA:139,11
DA:140,11
DA:141,11
DA:142,11
DA:143,3
DA:144,3
DA:145,3
DA:147,8
DA:148,8
DA:149,8
DA:150,11
DA:151,4
DA:152,4
DA:153,4
DA:155,4
DA:156,4
DA:157,4
DA:158,4
DA:160,1
DA:161,1
DA:162,1
DA:163,0
DA:164,0
DA:165,0
LF:145
LH:129
BRDA:45,0,0,11
BRDA:47,1,0,1
BRDA:50,2,0,10
BRDA:53,3,0,8
BRDA:54,4,0,3
BRDA:54,5,0,3
BRDA:57,6,0,5
BRDA:61,7,0,2
BRDA:62,8,0,0
BRDA:73,9,0,8
BRDA:82,10,0,0
BRDA:89,11,0,0
BRDA:93,12,0,0
BRDA:97,13,0,2
BRDA:97,14,0,6
BRDA:99,15,0,3
BRDA:99,16,0,3
BRDA:99,17,0,3
BRDA:103,18,0,0
BRDA:107,19,0,1
BRDA:112,20,0,2
BRDA:114,21,0,0
BRDA:114,22,0,0
BRDA:120,23,0,2
BRDA:123,24,0,0
BRDA:139,25,0,11
BRDA:142,26,0,3
BRDA:145,27,0,8
BRDA:150,28,0,4
BRF:29
BRH:21
end_of_record
TN:
SF:lib\ai-system-prompt.js
FN:1,(empty-report)
FNF:1
FNH:0
FNDA:0,(empty-report)
DA:1,0
DA:2,0
DA:3,0
DA:4,0
DA:5,0
DA:6,0
DA:7,0
DA:8,0
DA:9,0
DA:10,0
DA:12,0
DA:13,0
DA:14,0
DA:16,0
DA:17,0
DA:18,0
DA:19,0
DA:20,0
DA:21,0
DA:22,0
DA:23,0
DA:24,0
DA:26,0
DA:27,0
DA:28,0
DA:29,0
DA:30,0
DA:32,0
DA:33,0
DA:34,0
DA:35,0
DA:36,0
DA:37,0
DA:38,0
DA:39,0
DA:40,0
DA:41,0
DA:42,0
DA:43,0
DA:44,0
DA:45,0
DA:47,0
DA:48,0
DA:49,0
DA:51,0
DA:52,0
DA:53,0
DA:54,0
DA:55,0
DA:56,0
DA:57,0
DA:58,0
DA:59,0
DA:60,0
DA:61,0
DA:62,0
DA:63,0
DA:65,0
DA:66,0
DA:67,0
DA:68,0
DA:69,0
DA:70,0
DA:71,0
DA:72,0
DA:73,0
DA:74,0
DA:75,0
DA:76,0
DA:77,0
DA:78,0
DA:79,0
DA:80,0
DA:81,0
DA:82,0
DA:83,0
DA:85,0
DA:86,0
DA:87,0
DA:88,0
DA:89,0
DA:90,0
DA:91,0
DA:92,0
DA:94,0
DA:95,0
DA:96,0
DA:97,0
DA:98,0
DA:99,0
DA:100,0
DA:101,0
DA:102,0
DA:103,0
DA:104,0
DA:106,0
DA:107,0
DA:108,0
DA:109,0
DA:110,0
DA:111,0
DA:112,0
DA:113,0
DA:114,0
DA:115,0
DA:116,0
DA:117,0
DA:119,0
DA:120,0
DA:121,0
DA:123,0
DA:124,0
DA:125,0
DA:126,0
DA:127,0
DA:128,0
DA:129,0
DA:130,0
DA:131,0
DA:132,0
DA:133,0
DA:134,0
DA:135,0
DA:137,0
DA:138,0
DA:139,0
DA:140,0
DA:141,0
DA:142,0
DA:143,0
DA:145,0
DA:146,0
DA:147,0
DA:148,0
DA:149,0
DA:151,0
DA:152,0
DA:154,0
DA:155,0
DA:156,0
DA:157,0
DA:158,0
DA:159,0
DA:160,0
DA:162,0
DA:163,0
DA:164,0
DA:165,0
DA:166,0
DA:168,0
DA:170,0
DA:171,0
DA:172,0
DA:173,0
DA:174,0
DA:175,0
DA:176,0
DA:177,0
DA:179,0
DA:180,0
DA:181,0
DA:182,0
DA:183,0
DA:184,0
DA:185,0
DA:186,0
DA:187,0
DA:189,0
DA:190,0
DA:191,0
DA:192,0
DA:193,0
DA:194,0
DA:195,0
DA:196,0
DA:197,0
DA:198,0
DA:199,0
DA:200,0
DA:202,0
DA:203,0
DA:204,0
DA:205,0
DA:206,0
DA:207,0
DA:208,0
DA:209,0
DA:211,0
DA:212,0
DA:213,0
DA:214,0
DA:215,0
DA:216,0
DA:217,0
DA:218,0
DA:219,0
DA:220,0
DA:222,0
DA:223,0
DA:224,0
DA:225,0
DA:227,0
DA:228,0
LF:203
LH:0
BRDA:1,0,0,0
BRF:1
BRH:0
end_of_record
TN:
SF:lib\consent-manager.js
FN:30,getConsentMessage
FN:53,checkConsent
FN:88,recordConsent
FN:125,deleteUserData
FN:176,isDeleteDataRequest
FN:186,isConsentAccepted
FN:195,getConsentDeclinedMessage
FN:206,getDataDeletedMessage
FN:227,handleConsentFlow
FNF:9
FNH:9
FNDA:6,getConsentMessage
FNDA:7,checkConsent
FNDA:5,recordConsent
FNDA:5,deleteUserData
FNDA:11,isDeleteDataRequest
FNDA:9,isConsentAccepted
FNDA:2,getConsentDeclinedMessage
FNDA:5,getDataDeletedMessage
FNDA:5,handleConsentFlow
DA:1,1
DA:3,1
DA:4,1
DA:5,1
DA:6,1
DA:7,1
DA:8,1
DA:9,1
DA:10,1
DA:11,1
DA:12,1
DA:13,1
DA:14,1
DA:15,1
DA:16,1
DA:18,1
DA:20,1
DA:21,1
DA:22,1
DA:24,1
DA:25,1
DA:26,1
DA:27,1
DA:29,1
DA:30,6
DA:31,6
DA:32,6
DA:33,6
DA:34,6
DA:35,6
DA:36,6
DA:37,6
DA:38,6
DA:39,6
DA:40,6
DA:41,6
DA:42,6
DA:43,6
DA:44,6
DA:46,1
DA:47,1
DA:48,1
DA:49,1
DA:50,1
DA:51,1
DA:52,1
DA:53,7
DA:54,7
DA:56,6
DA:57,7
DA:59,4
DA:60,7
DA:61,4
DA:62,4
DA:63,4
DA:64,4
DA:65,4
DA:66,4
DA:68,4
DA:69,1
DA:70,1
DA:71,1
DA:72,1
DA:73,4
DA:74,0
DA:75,0
DA:76,4
DA:78,3
DA:79,3
DA:81,1
DA:82,1
DA:83,1
DA:84,1
DA:85,1
DA:86,1
DA:87,1
DA:88,5
DA:89,5
DA:91,4
DA:93,4
DA:94,4
DA:96,4
DA:97,5
DA:98,4
DA:99,4
DA:100,4
DA:101,4
DA:102,4
DA:103,4
DA:104,4
DA:106,4
DA:107,1
DA:108,1
DA:109,1
DA:110,4
DA:111,0
DA:112,0
DA:113,4
DA:115,4
DA:116,4
DA:118,1
DA:119,1
DA:120,1
DA:121,1
DA:122,1
DA:123,1
DA:124,1
DA:125,5
DA:126,5
DA:127,1
DA:128,1
DA:130,4
DA:131,4
DA:133,5
DA:134,0
DA:135,0
DA:136,0
DA:137,0
DA:138,0
DA:140,4
DA:141,4
DA:142,4
DA:143,4
DA:144,4
DA:145,4
DA:146,4
DA:147,4
DA:149,4
DA:150,5
DA:151,0
DA:152,0
DA:153,0
DA:154,0
DA:155,0
DA:156,0
DA:158,4
DA:159,4
DA:160,4
DA:161,4
DA:162,5
DA:163,0
DA:164,0
DA:165,0
DA:166,0
DA:167,0
DA:168,0
DA:169,5
DA:171,1
DA:172,1
DA:173,1
DA:174,1
DA:175,1
DA:176,11
DA:177,11
DA:178,8
DA:179,8
DA:181,1
DA:182,1
DA:183,1
DA:184,1
DA:185,1
DA:186,9
DA:187,9
DA:188,6
DA:189,6
DA:191,1
DA:192,1
DA:193,1
DA:194,1
DA:195,2
DA:196,2
DA:197,2
DA:198,2
DA:199,2
DA:200,2
DA:202,1
DA:203,1
DA:204,1
DA:205,1
DA:206,5
DA:207,5
DA:208,5
DA:209,5
DA:210,5
DA:211,5
DA:212,5
DA:213,5
DA:214,5
DA:215,5
DA:216,5
DA:218,1
DA:219,1
DA:220,1
DA:221,1
DA:222,1
DA:223,1
DA:224,1
DA:225,1
DA:226,1
DA:227,5
DA:228,5
DA:229,5
DA:230,2
DA:231,2
DA:232,2
DA:233,2
DA:234,2
DA:235,2
DA:237,3
DA:238,3
DA:239,5
DA:241,2
DA:242,5
DA:243,1
DA:244,1
DA:245,1
DA:246,1
DA:248,1
DA:249,1
DA:250,1
DA:251,1
DA:252,1
DA:254,1
DA:255,1
DA:256,5
DA:257,1
DA:258,1
DA:259,1
DA:260,1
DA:261,1
DA:262,1
DA:263,1
DA:264,1
DA:265,1
DA:266,0
DA:267,0
DA:268,1
DA:270,5
DA:271,0
DA:272,0
DA:273,0
DA:274,0
DA:275,0
DA:277,1
DA:278,1
DA:279,1
DA:280,1
DA:281,1
DA:282,1
DA:284,1
LF:250
LH:222
BRDA:30,0,0,6
BRDA:53,1,0,7
BRDA:54,2,0,1
BRDA:54,3,0,6
BRDA:57,4,0,2
BRDA:57,5,0,4
BRDA:60,6,0,4
BRDA:68,7,0,1
BRDA:68,8,0,1
BRDA:73,9,0,0
BRDA:76,10,0,3
BRDA:88,11,0,5
BRDA:89,12,0,1
BRDA:89,13,0,4
BRDA:97,14,0,4
BRDA:106,15,0,1
BRDA:110,16,0,0
BRDA:125,17,0,5
BRDA:126,18,0,1
BRDA:128,19,0,4
BRDA:133,20,0,0
BRDA:138,21,0,4
BRDA:150,22,0,0
BRDA:156,23,0,4
BRDA:162,24,0,0
BRDA:149,25,0,16
BRDA:176,26,0,11
BRDA:177,27,0,3
BRDA:177,28,0,8
BRDA:186,29,0,9
BRDA:187,30,0,3
BRDA:187,31,0,6
BRDA:195,32,0,2
BRDA:206,33,0,5
BRDA:227,34,0,5
BRDA:229,35,0,2
BRDA:235,36,0,3
BRDA:239,37,0,1
BRDA:239,38,0,2
BRDA:242,39,0,1
BRDA:256,40,0,1
BRDA:265,41,0,0
BRDA:270,42,0,0
BRDA:275,43,0,1
BRF:44
BRH:37
end_of_record
TN:
SF:lib\conversation-state.js
FN:36,getNextStage
FN:84,getStagePrompt
FN:133,generateFinalReport
FN:174,isConversationComplete
FN:183,getProfileCompleteness
FNF:5
FNH:5
FNDA:5,getNextStage
FNDA:11,getStagePrompt
FNDA:4,generateFinalReport
FNDA:9,isConversationComplete
FNDA:4,getProfileCompleteness
DA:1,1
DA:2,1
DA:3,1
DA:4,1
DA:5,1
DA:6,1
DA:7,1
DA:8,1
DA:9,1
DA:10,1
DA:11,1
DA:12,1
DA:13,1
DA:14,1
DA:15,1
DA:16,1
DA:18,1
DA:19,1
DA:20,1
DA:21,1
DA:22,1
DA:23,1
DA:24,1
DA:25,1
DA:26,1
DA:28,1
DA:29,1
DA:30,1
DA:31,1
DA:32,1
DA:33,1
DA:34,1
DA:35,1
DA:36,5
DA:37,5
DA:39,5
DA:40,5
DA:41,5
DA:42,5
DA:43,5
DA:45,5
DA:46,5
DA:48,4
DA:49,5
DA:51,3
DA:52,5
DA:54,2
DA:55,2
DA:56,2
DA:57,5
DA:58,0
DA:59,0
DA:60,5
DA:61,0
DA:62,0
DA:63,5
DA:64,0
DA:65,5
DA:66,0
DA:67,5
DA:68,0
DA:69,0
DA:70,5
DA:71,5
DA:72,5
DA:73,0
DA:74,5
DA:75,5
DA:77,1
DA:78,1
DA:79,1
DA:80,1
DA:81,1
DA:82,1
DA:83,1
DA:84,11
DA:85,11
DA:86,11
DA:87,2
DA:88,2
DA:89,2
DA:90,2
DA:91,0
DA:92,0
DA:93,0
DA:95,11
DA:96,2
DA:97,2
DA:98,2
DA:99,0
DA:100,0
DA:101,0
DA:102,0
DA:104,11
DA:105,1
DA:106,1
DA:107,1
DA:108,0
DA:110,11
DA:111,11
DA:113,11
DA:114,3
DA:115,1
DA:116,3
DA:117,2
DA:118,2
DA:120,11
DA:121,11
DA:123,11
DA:124,1
DA:125,11
DA:126,11
DA:128,1
DA:129,1
DA:130,1
DA:131,1
DA:132,1
DA:133,4
DA:134,4
DA:136,4
DA:137,4
DA:138,4
DA:139,4
DA:141,4
DA:142,4
DA:143,4
DA:144,2
DA:145,2
DA:146,0
DA:147,2
DA:148,0
DA:149,2
DA:150,2
DA:151,2
DA:153,4
DA:154,4
DA:155,4
DA:156,2
DA:157,2
DA:158,2
DA:159,2
DA:161,4
DA:163,4
DA:164,4
DA:165,4
DA:166,4
DA:167,4
DA:169,1
DA:170,1
DA:171,1
DA:172,1
DA:173,1
DA:174,9
DA:175,9
DA:176,9
DA:178,1
DA:179,1
DA:180,1
DA:181,1
DA:182,1
DA:183,4
DA:184,4
DA:185,4
DA:186,4
DA:187,4
DA:188,4
DA:189,4
DA:190,4
DA:191,4
LF:169
LH:150
BRDA:36,0,0,5
BRDA:40,1,0,4
BRDA:40,2,0,4
BRDA:40,3,0,4
BRDA:41,4,0,4
BRDA:41,5,0,4
BRDA:42,6,0,4
BRDA:42,7,0,4
BRDA:42,8,0,4
BRDA:43,9,0,3
BRDA:43,10,0,2
BRDA:43,11,0,1
BRDA:46,12,0,1
BRDA:46,13,0,1
BRDA:46,14,0,4
BRDA:49,15,0,1
BRDA:49,16,0,1
BRDA:49,17,0,3
BRDA:52,18,0,1
BRDA:52,19,0,1
BRDA:52,20,0,2
BRDA:57,21,0,0
BRDA:60,22,0,0
BRDA:63,23,0,0
BRDA:65,24,0,0
BRDA:67,25,0,0
BRDA:70,26,0,0
BRDA:72,27,0,0
BRDA:84,28,0,11
BRDA:86,29,0,2
BRDA:89,30,0,0
BRDA:90,31,0,0
BRDA:95,32,0,2
BRDA:98,33,0,0
BRDA:104,34,0,1
BRDA:107,35,0,0
BRDA:110,36,0,1
BRDA:113,37,0,3
BRDA:114,38,0,1
BRDA:116,39,0,2
BRDA:120,40,0,1
BRDA:123,41,0,1
BRDA:133,42,0,4
BRDA:136,43,0,2
BRDA:136,44,0,2
BRDA:137,45,0,3
BRDA:137,46,0,1
BRDA:138,47,0,3
BRDA:139,48,0,3
BRDA:143,49,0,2
BRDA:145,50,0,0
BRDA:147,51,0,0
BRDA:155,52,0,2
BRDA:174,53,0,9
BRDA:183,54,0,4
BRDA:185,55,0,3
BRDA:186,56,0,1
BRDA:186,57,0,1
BRDA:187,58,0,2
BRDA:188,59,0,1
BRDA:189,60,0,1
BRF:61
BRH:48
end_of_record
TN:
SF:lib\dialect-support.js
FN:70,normalizeDialect
FN:85,getDialectSystemPromptAddition
FNF:2
FNH:2
FNDA:10,normalizeDialect
FNDA:5,getDialectSystemPromptAddition
DA:1,1
DA:2,1
DA:3,1
DA:4,1
DA:6,1
DA:7,1
DA:8,1
DA:9,1
DA:10,1
DA:11,1
DA:12,1
DA:13,1
DA:14,1
DA:15,1
DA:16,1
DA:18,1
DA:19,1
DA:20,1
DA:21,1
DA:22,1
DA:23,1
DA:24,1
DA:25,1
DA:27,1
DA:28,1
DA:29,1
DA:30,1
DA:32,1
DA:33,1
DA:34,1
DA:35,1
DA:36,1
DA:38,1
DA:39,1
DA:40,1
DA:41,1
DA:43,1
DA:44,1
DA:45,1
DA:46,1
DA:47,1
DA:49,1
DA:50,1
DA:51,1
DA:52,1
DA:54,1
DA:55,1
DA:56,1
DA:57,1
DA:58,1
DA:59,1
DA:60,1
DA:61,1
DA:62,1
DA:64,1
DA:65,1
DA:66,1
DA:67,1
DA:68,1
DA:69,1
DA:70,10
DA:71,10
DA:73,5
DA:74,10
DA:75,185
DA:76,185
DA:77,5
DA:78,5
DA:80,1
DA:81,1
DA:82,1
DA:83,1
DA:84,1
DA:85,5
DA:86,5
DA:87,5
DA:88,5
DA:89,5
DA:90,5
DA:92,1
DA:93,1
DA:94,1
LF:82
LH:82
BRDA:70,0,0,10
BRDA:71,1,0,6
BRDA:71,2,0,5
BRDA:74,3,0,185
BRDA:76,4,0,5
BRDA:85,5,0,5
BRF:6
BRH:6
end_of_record
TN:
SF:lib\findResponse.js
FN:65,processMessage
FNF:1
FNH:0
FNDA:0,processMessage
DA:1,1
DA:2,1
DA:3,1
DA:4,1
DA:5,1
DA:6,1
DA:7,1
DA:8,1
DA:9,1
DA:10,1
DA:11,1
DA:12,1
DA:13,1
DA:15,1
DA:16,1
DA:17,1
DA:18,1
DA:19,1
DA:20,1
DA:21,1
DA:30,1
DA:31,1
DA:32,1
DA:40,1
DA:41,1
DA:47,1
DA:50,1
DA:51,1
DA:52,1
DA:53,1
DA:54,1
DA:55,1
DA:56,1
DA:57,1
DA:58,1
DA:59,1
DA:60,1
DA:61,1
DA:62,1
DA:63,1
DA:64,1
DA:65,0
DA:66,0
DA:67,0
DA:68,0
DA:69,0
DA:70,0
DA:71,0
DA:72,0
DA:74,0
DA:75,0
DA:76,0
DA:77,0
DA:78,0
DA:79,0
DA:80,0
DA:81,0
DA:83,0
DA:84,0
DA:85,0
DA:87,0
DA:88,0
DA:89,0
DA:90,0
DA:91,0
DA:92,0
DA:93,0
DA:94,0
DA:95,0
DA:97,0
DA:99,0
DA:100,0
DA:101,0
DA:102,0
DA:103,0
DA:104,0
DA:106,0
DA:107,0
DA:108,0
DA:109,0
DA:111,0
DA:112,0
DA:113,0
DA:114,0
DA:115,0
DA:116,0
DA:117,0
DA:118,0
DA:119,0
DA:121,0
DA:122,0
DA:123,0
DA:124,0
DA:126,0
DA:127,0
DA:128,0
DA:129,0
DA:130,0
DA:131,0
DA:132,0
DA:134,0
DA:135,0
DA:136,0
DA:137,0
DA:138,0
DA:139,0
DA:140,0
DA:141,0
DA:142,0
DA:143,0
DA:145,0
DA:146,0
DA:148,0
DA:149,0
DA:150,0
DA:151,0
DA:153,0
DA:154,0
DA:156,0
DA:157,0
DA:158,0
DA:159,0
DA:160,0
DA:161,0
DA:162,0
DA:163,0
DA:164,0
DA:165,0
DA:166,0
DA:167,0
DA:168,0
DA:169,0
DA:170,0
DA:172,0
DA:173,0
DA:174,0
DA:175,0
DA:176,0
DA:177,0
DA:178,0
DA:179,0
DA:180,0
DA:181,0
DA:182,0
DA:183,0
DA:184,0
DA:185,0
DA:186,0
DA:187,0
DA:188,0
DA:190,0
DA:191,0
DA:192,0
DA:193,0
DA:194,0
DA:195,0
DA:197,0
DA:198,0
DA:199,0
DA:200,0
DA:201,0
DA:202,0
DA:203,0
DA:204,0
DA:206,0
DA:207,0
DA:208,0
DA:209,0
DA:210,0
DA:211,0
DA:212,0
DA:213,0
DA:214,0
DA:215,0
DA:216,0
DA:217,0
DA:219,0
DA:220,0
DA:221,0
DA:222,0
DA:223,0
DA:224,0
DA:225,0
DA:226,0
DA:228,0
DA:229,0
DA:230,0
DA:231,0
DA:233,0
DA:234,0
DA:235,0
DA:237,0
DA:238,0
DA:239,0
DA:240,0
DA:241,0
DA:242,0
DA:243,0
DA:244,0
DA:245,0
DA:246,0
DA:247,0
DA:248,0
DA:249,0
DA:250,0
DA:251,0
DA:253,0
DA:254,0
DA:256,0
DA:257,0
DA:258,0
DA:259,0
DA:260,0
DA:261,0
DA:262,0
DA:263,0
DA:264,0
DA:265,0
DA:267,0
DA:268,0
DA:270,0
DA:271,0
DA:272,0
DA:273,0
DA:274,0
DA:275,0
DA:276,0
DA:277,0
DA:279,0
DA:280,0
DA:281,0
DA:282,0
DA:283,0
DA:284,0
DA:285,0
DA:286,0
DA:287,0
DA:288,0
DA:289,0
DA:290,0
DA:291,0
DA:293,0
DA:294,0
DA:295,0
DA:296,0
DA:297,0
DA:299,0
DA:300,0
DA:301,0
DA:302,0
DA:303,0
DA:304,0
DA:306,0
DA:308,0
DA:309,0
DA:310,0
DA:312,0
DA:313,0
DA:314,0
DA:315,0
DA:316,0
DA:318,0
DA:319,0
DA:320,0
DA:321,0
DA:323,0
DA:324,0
DA:325,0
DA:326,0
DA:327,0
DA:329,0
DA:330,0
DA:331,0
DA:332,0
DA:334,0
DA:335,0
DA:336,0
DA:337,0
DA:338,0
DA:339,0
DA:340,0
DA:342,0
DA:343,0
DA:344,0
DA:345,0
DA:346,0
DA:347,0
DA:349,0
DA:350,0
DA:351,0
DA:352,0
DA:354,0
DA:355,0
DA:356,0
LF:294
LH:41
BRF:0
BRH:0
end_of_record
TN:
SF:lib\knowledge-base.js
FN:27,normalizeText
FN:43,jaccardSimilarity
FN:64,detectCategory
FN:91,searchKnowledgeCache
FN:173,saveToKnowledgeCache
FN:237,incrementCacheUse
FN:274,logAnalytics
FN:305,getFromKnowledgeBase
FN:338,generateEmbedding
FN:369,semanticSearch
FN:404,saveToKnowledgeCacheWithEmbedding
FN:583,seedKnowledgeCache
FNF:12
FNH:4
FNDA:353,normalizeText
FNDA:0,jaccardSimilarity
FNDA:6,detectCategory
FNDA:0,searchKnowledgeCache
FNDA:0,saveToKnowledgeCache
FNDA:0,incrementCacheUse
FNDA:0,logAnalytics
FNDA:2,getFromKnowledgeBase
FNDA:3,generateEmbedding
FNDA:0,semanticSearch
FNDA:0,saveToKnowledgeCacheWithEmbedding
FNDA:0,seedKnowledgeCache
DA:2,1
DA:3,1
DA:4,1
DA:5,1
DA:6,1
DA:7,1
DA:8,1
DA:9,1
DA:10,1
DA:11,1
DA:13,1
DA:14,1
DA:16,1
DA:17,1
DA:18,1
DA:20,1
DA:21,1
DA:22,1
DA:23,1
DA:24,1
DA:25,1
DA:26,1
DA:27,353
DA:28,353
DA:29,353
DA:30,353
DA:31,353
DA:32,353
DA:33,353
DA:34,353
DA:35,353
DA:36,353
DA:37,353
DA:39,1
DA:40,1
DA:41,1
DA:42,1
DA:43,0
DA:44,0
DA:45,0
DA:46,0
DA:47,0
DA:48,0
DA:49,0
DA:50,0
DA:52,1
DA:53,1
DA:54,1
DA:55,1
DA:56,1
DA:57,1
DA:58,1
DA:59,1
DA:60,1
DA:61,1
DA:62,1
DA:64,6
DA:65,6
DA:66,6
DA:67,6
DA:69,6
DA:70,36
DA:71,36
DA:72,6
DA:73,6
DA:74,6
DA:75,36
DA:76,6
DA:77,6
DA:79,1
DA:80,1
DA:81,1
DA:83,1
DA:84,1
DA:86,1
DA:87,1
DA:88,1
DA:89,1
DA:90,1
DA:91,0
DA:92,0
DA:94,0
DA:95,0
DA:96,0
DA:98,0
DA:99,0
DA:100,0
DA:102,0
DA:103,0
DA:104,0
DA:105,0
DA:106,0
DA:107,0
DA:108,0
DA:109,0
DA:111,0
DA:113,0
DA:114,0
DA:115,0
DA:117,0
DA:118,0
DA:119,0
DA:121,0
DA:122,0
DA:124,0
DA:125,0
DA:126,0
DA:127,0
DA:128,0
DA:130,0
DA:131,0
DA:133,0
DA:134,0
DA:135,0
DA:136,0
DA:137,0
DA:138,0
DA:139,0
DA:140,0
DA:141,0
DA:143,0
DA:144,0
DA:145,0
DA:146,0
DA:147,0
DA:148,0
DA:149,0
DA:151,0
DA:152,0
DA:153,0
DA:154,0
DA:155,0
DA:156,0
DA:158,1
DA:159,1
DA:160,1
DA:162,1
DA:163,1
DA:165,1
DA:166,1
DA:167,1
DA:168,1
DA:169,1
DA:170,1
DA:171,1
DA:172,1
DA:173,0
DA:174,0
DA:176,0
DA:177,0
DA:178,0
DA:179,0
DA:180,0
DA:181,0
DA:182,0
DA:183,0
DA:184,0
DA:185,0
DA:187,0
DA:188,0
DA:190,0
DA:191,0
DA:192,0
DA:193,0
DA:194,0
DA:195,0
DA:196,0
DA:197,0
DA:198,0
DA:200,0
DA:201,0
DA:202,0
DA:203,0
DA:204,0
DA:205,0
DA:206,0
DA:207,0
DA:208,0
DA:209,0
DA:210,0
DA:211,0
DA:212,0
DA:213,0
DA:214,0
DA:216,0
DA:217,0
DA:218,0
DA:219,0
DA:221,0
DA:222,0
DA:223,0
DA:224,0
DA:225,0
DA:226,0
DA:227,0
DA:229,1
DA:230,1
DA:231,1
DA:233,1
DA:234,1
DA:235,1
DA:236,1
DA:237,0
DA:238,0
DA:240,0
DA:241,0
DA:242,0
DA:244,0
DA:245,0
DA:246,0
DA:247,0
DA:248,0
DA:249,0
DA:251,0
DA:252,0
DA:253,0
DA:254,0
DA:255,0
DA:256,0
DA:257,0
DA:258,0
DA:259,0
DA:260,0
DA:261,0
DA:263,1
DA:264,1
DA:265,1
DA:267,1
DA:268,1
DA:269,1
DA:270,1
DA:271,1
DA:272,1
DA:273,1
DA:274,0
DA:275,0
DA:277,0
DA:278,0
DA:279,0
DA:280,0
DA:281,0
DA:282,0
DA:283,0
DA:284,0
DA:285,0
DA:286,0
DA:287,0
DA:288,0
DA:289,0
DA:290,0
DA:292,1
DA:293,1
DA:294,1
DA:296,1
DA:297,1
DA:298,1
DA:299,1
DA:300,1
DA:301,1
DA:302,1
DA:303,1
DA:304,1
DA:305,2
DA:306,2
DA:308,0
DA:310,0
DA:311,0
DA:313,0
DA:314,0
DA:315,0
DA:316,0
DA:318,0
DA:319,0
DA:320,0
DA:321,0
DA:322,0
DA:323,0
DA:325,0
DA:326,0
DA:327,0
DA:329,1
DA:330,1
DA:331,1
DA:333,1
DA:334,1
DA:335,1
DA:336,1
DA:337,1
DA:338,3
DA:339,3
DA:340,3
DA:341,3
DA:343,2
DA:344,2
DA:345,2
DA:346,2
DA:347,2
DA:348,2
DA:349,2
DA:350,2
DA:351,2
DA:352,2
DA:353,2
DA:354,2
DA:356,3
DA:357,1
DA:358,3
DA:359,3
DA:360,0
DA:361,0
DA:362,3
DA:364,1
DA:365,1
DA:366,1
DA:367,1
DA:368,1
DA:369,0
DA:370,0
DA:372,0
DA:373,0
DA:375,0
DA:376,0
DA:377,0
DA:378,0
DA:379,0
DA:380,0
DA:382,0
DA:384,0
DA:385,0
DA:386,0
DA:387,0
DA:388,0
DA:389,0
DA:390,0
DA:391,0
DA:392,0
DA:393,0
DA:394,0
DA:395,0
DA:397,1
DA:398,1
DA:399,1
DA:400,1
DA:401,1
DA:402,1
DA:403,1
DA:404,0
DA:405,0
DA:407,0
DA:408,0
DA:410,0
DA:411,0
DA:412,0
DA:414,0
DA:415,0
DA:416,0
DA:417,0
DA:418,0
DA:419,0
DA:420,0
DA:421,0
DA:422,0
DA:424,1
DA:425,1
DA:426,1
DA:428,1
DA:429,1
DA:430,1
DA:431,1
DA:432,1
DA:433,1
DA:434,1
DA:435,1
DA:436,1
DA:437,1
DA:438,1
DA:439,1
DA:440,1
DA:441,1
DA:442,1
DA:443,1
DA:444,1
DA:445,1
DA:446,1
DA:447,1
DA:448,1
DA:449,1
DA:450,1
DA:451,1
DA:452,1
DA:453,1
DA:454,1
DA:455,1
DA:456,1
DA:457,1
DA:458,1
DA:459,1
DA:460,1
DA:461,1
DA:462,1
DA:463,1
DA:464,1
DA:465,1
DA:466,1
DA:467,1
DA:468,1
DA:469,1
DA:470,1
DA:471,1
DA:472,1
DA:473,1
DA:474,1
DA:475,1
DA:476,1
DA:477,1
DA:478,1
DA:479,1
DA:480,1
DA:481,1
DA:482,1
DA:483,1
DA:484,1
DA:485,1
DA:486,1
DA:487,1
DA:488,1
DA:489,1
DA:490,1
DA:491,1
DA:492,1
DA:493,1
DA:494,1
DA:495,1
DA:496,1
DA:497,1
DA:498,1
DA:499,1
DA:500,1
DA:501,1
DA:502,1
DA:503,1
DA:504,1
DA:505,1
DA:506,1
DA:507,1
DA:508,1
DA:509,1
DA:510,1
DA:511,1
DA:512,1
DA:513,1
DA:514,1
DA:515,1
DA:516,1
DA:517,1
DA:518,1
DA:519,1
DA:520,1
DA:521,1
DA:522,1
DA:523,1
DA:524,1
DA:525,1
DA:526,1
DA:527,1
DA:528,1
DA:529,1
DA:530,1
DA:531,1
DA:532,1
DA:533,1
DA:534,1
DA:535,1
DA:536,1
DA:537,1
DA:538,1
DA:539,1
DA:540,1
DA:541,1
DA:542,1
DA:543,1
DA:544,1
DA:545,1
DA:546,1
DA:547,1
DA:548,1
DA:549,1
DA:550,1
DA:551,1
DA:552,1
DA:553,1
DA:554,1
DA:555,1
DA:556,1
DA:557,1
DA:558,1
DA:559,1
DA:560,1
DA:561,1
DA:562,1
DA:563,1
DA:564,1
DA:565,1
DA:567,1
DA:568,1
DA:570,1
DA:571,1
DA:572,1
DA:573,1
DA:574,1
DA:575,1
DA:576,1
DA:577,1
DA:578,1
DA:579,1
DA:580,1
DA:581,1
DA:582,1
DA:583,0
DA:584,0
DA:585,0
DA:586,0
DA:587,0
DA:589,0
DA:591,0
DA:593,0
DA:594,0
DA:595,0
DA:597,0
DA:598,0
DA:599,0
DA:600,0
DA:601,0
DA:602,0
DA:603,0
DA:605,0
DA:606,0
DA:607,0
DA:608,0
DA:609,0
DA:610,0
DA:611,0
DA:612,0
DA:613,0
DA:614,0
DA:615,0
DA:616,0
DA:617,0
DA:618,0
DA:619,0
DA:620,0
DA:622,0
DA:623,0
DA:624,0
DA:625,0
DA:626,0
DA:628,0
DA:629,0
DA:630,0
DA:631,0
DA:632,0
DA:633,0
DA:634,0
DA:635,0
DA:636,0
DA:637,0
DA:639,0
DA:640,0
DA:642,0
DA:643,0
DA:644,0
DA:645,0
DA:646,0
DA:647,0
DA:648,0
DA:649,0
DA:650,0
DA:652,0
DA:653,0
DA:654,0
DA:656,1
DA:657,1
DA:658,1
DA:659,1
DA:660,1
DA:661,1
DA:662,1
DA:663,0
DA:664,0
DA:665,0
DA:666,1
DA:667,1
LF:592
LH:321
BRDA:27,0,0,353
BRDA:64,1,0,6
BRDA:69,2,0,36
BRDA:71,3,0,6
BRDA:70,4,0,342
BRDA:305,5,0,2
BRDA:306,6,0,0
BRDA:338,7,0,3
BRDA:341,8,0,1
BRDA:341,9,0,2
BRDA:356,10,0,1
BRDA:358,11,0,0
BRDA:359,12,0,0
BRF:13
BRH:10
end_of_record
TN:
SF:lib\logger.js
FN:52,getEnv
FN:62,getMinLevel
FN:80,formatJSON
FN:106,formatPretty
FN:139,createLogger
FN:146,log
FN:184,info
FN:193,warn
FN:203,error
FN:221,debug
FN:242,generateRequestId
FNF:11
FNH:8
FNDA:110,getEnv
FNDA:55,getMinLevel
FNDA:0,formatJSON
FNDA:55,formatPretty
FNDA:4,createLogger
FNDA:55,log
FNDA:20,info
FNDA:22,warn
FNDA:13,error
FNDA:0,debug
FNDA:0,generateRequestId
DA:29,1
DA:30,1
DA:31,1
DA:32,1
DA:33,1
DA:34,1
DA:37,1
DA:38,1
DA:39,1
DA:40,1
DA:41,1
DA:42,1
DA:52,110
DA:53,110
DA:54,110
DA:62,55
DA:63,55
DA:64,55
DA:65,55
DA:80,0
DA:81,0
DA:82,0
DA:83,0
DA:84,0
DA:85,0
DA:87,0
DA:89,0
DA:90,0
DA:92,0
DA:93,0
DA:106,55
DA:107,55
DA:108,55
DA:111,55
DA:112,55
DA:113,55
DA:114,55
DA:115,55
DA:116,55
DA:117,55
DA:118,55
DA:120,55
DA:122,55
DA:124,8
DA:125,8
DA:126,8
DA:128,55
DA:129,55
DA:139,4
DA:146,4
DA:147,55
DA:150,55
DA:151,0
DA:152,0
DA:154,55
DA:155,55
DA:156,55
DA:157,0
DA:158,55
DA:161,55
DA:162,55
DA:163,13
DA:164,13
DA:165,55
DA:166,22
DA:167,22
DA:168,55
DA:169,0
DA:170,0
DA:171,55
DA:172,55
DA:173,20
DA:174,20
DA:175,55
DA:176,55
DA:178,4
DA:184,4
DA:185,20
DA:186,20
DA:193,4
DA:194,22
DA:195,22
DA:203,4
DA:205,13
DA:206,0
DA:207,0
DA:208,0
DA:209,0
DA:210,0
DA:211,0
DA:212,0
DA:213,13
DA:214,13
DA:221,4
DA:222,0
DA:223,0
DA:224,4
DA:225,4
DA:242,0
DA:244,0
DA:246,0
DA:247,0
DA:250,0
DA:251,0
DA:252,0
DA:259,1
LF:106
LH:74
BRDA:52,0,0,110
BRDA:53,1,0,0
BRDA:62,2,0,55
BRDA:63,3,0,0
BRDA:64,4,0,0
BRDA:106,5,0,55
BRDA:118,6,0,0
BRDA:122,7,0,8
BRDA:122,8,0,8
BRDA:122,9,0,8
BRDA:139,10,0,4
BRDA:146,11,0,55
BRDA:150,12,0,0
BRDA:156,13,0,0
BRDA:162,14,0,13
BRDA:165,15,0,22
BRDA:168,16,0,0
BRDA:171,17,0,20
BRDA:172,18,0,20
BRDA:184,19,0,20
BRDA:193,20,0,22
BRDA:203,21,0,13
BRDA:205,22,0,8
BRDA:205,23,0,0
BRF:24
BRH:16
end_of_record
TN:
SF:lib\nationality-advisor.js
FN:10,addNationalityContext
FNF:1
FNH:1
FNDA:52,addNationalityContext
DA:1,1
DA:3,1
DA:4,1
DA:5,1
DA:6,1
DA:7,1
DA:8,1
DA:9,1
DA:10,52
DA:11,52
DA:13,49
DA:14,52
DA:16,52
DA:17,52
DA:18,52
DA:19,10
DA:20,10
DA:21,10
DA:23,49
DA:24,49
DA:25,52
DA:26,5
DA:27,5
DA:28,5
DA:30,49
DA:31,49
DA:32,52
DA:33,6
DA:34,6
DA:35,6
DA:37,49
DA:38,52
DA:39,2
DA:40,1
DA:41,1
DA:42,1
DA:43,1
DA:44,2
DA:46,49
DA:47,49
DA:48,52
DA:49,12
DA:50,6
DA:51,6
DA:52,6
DA:53,6
DA:54,12
DA:56,49
DA:57,52
DA:58,1
DA:59,1
DA:61,49
DA:62,52
DA:63,2
DA:64,1
DA:65,1
DA:66,1
DA:67,1
DA:68,2
DA:70,49
DA:71,52
DA:72,2
DA:73,1
DA:74,1
DA:75,1
DA:76,1
DA:77,2
DA:79,49
DA:80,52
DA:81,2
DA:82,1
DA:83,1
DA:84,2
DA:86,49
DA:87,52
DA:88,2
DA:89,1
DA:90,1
DA:91,1
DA:92,1
DA:93,2
DA:95,49
DA:96,52
DA:97,2
DA:98,1
DA:99,1
DA:100,2
DA:102,49
DA:103,52
DA:104,44
DA:105,44
DA:106,44
DA:107,44
DA:108,44
DA:110,5
DA:111,5
LF:96
LH:96
BRDA:10,0,0,52
BRDA:11,1,0,50
BRDA:11,2,0,3
BRDA:11,3,0,49
BRDA:14,4,0,1
BRDA:18,5,0,11
BRDA:18,6,0,10
BRDA:21,7,0,49
BRDA:25,8,0,5
BRDA:25,9,0,5
BRDA:28,10,0,49
BRDA:32,11,0,6
BRDA:32,12,0,6
BRDA:35,13,0,49
BRDA:38,14,0,2
BRDA:39,15,0,1
BRDA:44,16,0,49
BRDA:48,17,0,12
BRDA:49,18,0,6
BRDA:54,19,0,49
BRDA:57,20,0,2
BRDA:57,21,0,1
BRDA:59,22,0,49
BRDA:62,23,0,2
BRDA:63,24,0,1
BRDA:68,25,0,49
BRDA:71,26,0,2
BRDA:72,27,0,1
BRDA:77,28,0,49
BRDA:80,29,0,2
BRDA:81,30,0,1
BRDA:84,31,0,49
BRDA:87,32,0,2
BRDA:88,33,0,1
BRDA:93,34,0,49
BRDA:96,35,0,2
BRDA:97,36,0,1
BRDA:100,37,0,49
BRDA:103,38,0,44
BRDA:106,39,0,0
BRDA:108,40,0,5
BRF:41
BRH:40
end_of_record
TN:
SF:lib\rate-limiter.js
FN:17,initRedis
FN:43,inMemoryRateLimit
FN:73,checkRateLimit
FN:112,rateLimitMiddleware
FNF:4
FNH:3
FNDA:6,initRedis
FNDA:6,inMemoryRateLimit
FNDA:6,checkRateLimit
FNDA:0,rateLimitMiddleware
DA:1,1
DA:2,1
DA:3,1
DA:4,1
DA:5,1
DA:6,1
DA:7,1
DA:8,1
DA:9,1
DA:10,1
DA:11,1
DA:12,1
DA:13,1
DA:14,1
DA:15,1
DA:16,1
DA:17,6
DA:18,6
DA:19,6
DA:20,6
DA:21,6
DA:22,6
DA:23,6
DA:24,6
DA:25,6
DA:26,0
DA:27,0
DA:28,0
DA:29,0
DA:30,0
DA:31,0
DA:32,0
DA:33,0
DA:34,0
DA:35,0
DA:36,0
DA:37,6
DA:38,1
DA:39,1
DA:40,1
DA:41,1
DA:42,1
DA:43,6
DA:44,6
DA:45,6
DA:46,6
DA:47,6
DA:48,0
DA:49,0
DA:50,0
DA:51,6
DA:52,6
DA:53,6
DA:54,6
DA:55,6
DA:56,6
DA:57,6
DA:58,6
DA:59,6
DA:60,6
DA:61,6
DA:62,1
DA:63,1
DA:64,1
DA:65,1
DA:66,1
DA:67,1
DA:68,1
DA:69,1
DA:70,1
DA:71,1
DA:72,1
DA:73,1
DA:74,6
DA:75,6
DA:76,6
DA:77,6
DA:78,6
DA:79,6
DA:80,6
DA:81,6
DA:82,6
DA:83,6
DA:84,0
DA:85,0
DA:86,0
DA:87,0
DA:88,0
DA:89,0
DA:90,0
DA:91,0
DA:92,0
DA:93,0
DA:94,0
DA:95,0
DA:96,0
DA:97,0
DA:98,0
DA:99,0
DA:100,0
DA:101,0
DA:102,0
DA:103,6
DA:104,6
DA:105,6
DA:106,6
DA:107,6
DA:108,1
DA:109,1
DA:110,1
DA:111,1
DA:112,1
DA:113,0
DA:114,0
DA:115,0
DA:116,0
DA:117,0
DA:118,0
DA:119,0
DA:120,0
DA:121,0
DA:122,0
DA:123,0
DA:124,0
DA:125,0
DA:126,0
DA:127,0
DA:128,0
DA:129,0
DA:130,0
DA:131,0
DA:132,0
DA:133,0
DA:134,0
DA:135,0
LF:135
LH:79
BRDA:17,0,0,6
BRDA:18,1,0,0
BRDA:23,2,0,0
BRDA:25,3,0,0
BRDA:43,4,0,6
BRDA:45,5,0,4
BRDA:47,6,0,0
BRDA:73,7,0,6
BRDA:83,8,0,0
BRDA:83,9,0,0
BRF:10
BRH:4
end_of_record
TN:
SF:lib\security-headers.js
FN:13,addSecurityHeaders
FN:68,apiSecurityMiddleware
FNF:2
FNH:2
FNDA:14,addSecurityHeaders
FNDA:6,apiSecurityMiddleware
DA:13,1
DA:15,14
DA:16,14
DA:17,14
DA:18,14
DA:20,14
DA:23,14
DA:24,14
DA:25,14
DA:26,14
DA:27,14
DA:28,14
DA:29,14
DA:30,14
DA:31,14
DA:34,14
DA:37,14
DA:40,14
DA:43,14
DA:46,14
DA:47,14
DA:48,14
DA:49,14
DA:52,14
DA:53,14
DA:54,14
DA:57,14
DA:58,1
DA:59,1
DA:60,1
DA:61,1
DA:62,1
DA:63,14
DA:68,1
DA:69,6
DA:72,6
DA:73,6
DA:74,3
DA:75,3
DA:76,3
DA:78,3
DA:79,3
LF:42
LH:42
BRDA:13,0,0,14
BRDA:57,1,0,1
BRDA:68,2,0,6
BRDA:73,3,0,3
BRF:4
BRH:4
end_of_record
TN:
SF:lib\semantic-search.js
FN:18,generateEmbedding
FN:50,semanticSearch
FN:82,saveKnowledgeEmbedding
FN:111,hybridSearch
FNF:4
FNH:3
FNDA:3,generateEmbedding
FNDA:3,semanticSearch
FNDA:0,saveKnowledgeEmbedding
FNDA:2,hybridSearch
DA:1,1
DA:2,1
DA:3,1
DA:4,1
DA:5,1
DA:7,1
DA:9,1
DA:10,1
DA:11,1
DA:13,1
DA:14,1
DA:15,1
DA:16,1
DA:17,1
DA:18,1
DA:19,3
DA:20,3
DA:21,3
DA:23,2
DA:24,2
DA:25,2
DA:26,2
DA:27,2
DA:28,2
DA:29,2
DA:30,2
DA:31,2
DA:32,2
DA:33,2
DA:34,2
DA:36,1
DA:37,0
DA:38,3
DA:39,3
DA:40,1
DA:41,1
DA:42,3
DA:44,1
DA:45,1
DA:46,1
DA:47,1
DA:48,1
DA:49,1
DA:50,1
DA:51,3
DA:52,3
DA:53,3
DA:54,3
DA:55,3
DA:57,0
DA:58,3
DA:60,0
DA:61,0
DA:62,0
DA:63,0
DA:64,0
DA:65,0
DA:66,0
DA:68,0
DA:69,3
DA:70,3
DA:71,0
DA:72,0
DA:73,3
DA:75,1
DA:76,1
DA:77,1
DA:78,1
DA:79,1
DA:80,1
DA:81,1
DA:82,1
DA:83,0
DA:85,0
DA:86,0
DA:88,0
DA:89,0
DA:90,0
DA:91,0
DA:92,0
DA:93,0
DA:94,0
DA:95,0
DA:96,0
DA:97,0
DA:99,0
DA:100,0
DA:101,0
DA:102,0
DA:103,0
DA:105,1
DA:106,1
DA:107,1
DA:108,1
DA:109,1
DA:110,1
DA:111,1
DA:112,2
DA:114,2
DA:115,2
DA:117,2
DA:118,0
DA:119,2
DA:121,2
DA:122,2
DA:123,2
DA:124,2
DA:125,2
DA:127,2
DA:128,2
DA:129,2
DA:130,2
DA:131,2
LF:113
LH:82
BRDA:18,0,0,3
BRDA:21,1,0,1
BRDA:21,2,0,2
BRDA:34,3,0,1
BRDA:36,4,0,0
BRDA:38,5,0,0
BRDA:39,6,0,1
BRDA:50,7,0,3
BRDA:55,8,0,0
BRDA:55,9,0,0
BRDA:58,10,0,0
BRDA:70,11,0,0
BRDA:111,12,0,2
BRDA:121,13,0,2
BRDA:128,14,0,1
BRDA:129,15,0,2
BRF:16
BRH:10
end_of_record
TN:
SF:lib\user-profiler.js
FN:56,detectUserType
FN:95,detectNationality
FN:115,detectTrack
FN:135,extractGPA
FN:170,buildUserProfile
FN:227,buildProfileContext
FN:261,getWelcomeMessage
FN:286,getNextProfilingQuestion
FN:316,generateSmartSuggestions
FN:430,getInMemoryProfile
FN:448,saveInMemoryProfile
FN:461,invalidateInMemoryProfile
FNF:12
FNH:12
FNDA:16,detectUserType
FNDA:17,detectNationality
FNDA:18,detectTrack
FNDA:18,extractGPA
FNDA:6,buildUserProfile
FNDA:3,buildProfileContext
FNDA:1,getWelcomeMessage
FNDA:4,getNextProfilingQuestion
FNDA:6,generateSmartSuggestions
FNDA:3,getInMemoryProfile
FNDA:2,saveInMemoryProfile
FNDA:81,invalidateInMemoryProfile
DA:1,1
DA:2,1
DA:3,1
DA:4,1
DA:5,1
DA:6,1
DA:7,1
DA:8,1
DA:9,1
DA:10,1
DA:11,1
DA:13,1
DA:14,1
DA:15,1
DA:17,1
DA:18,1
DA:19,1
DA:20,1
DA:21,1
DA:22,1
DA:23,1
DA:24,1
DA:25,1
DA:26,1
DA:27,1
DA:29,1
DA:30,1
DA:31,1
DA:32,1
DA:33,1
DA:34,1
DA:35,1
DA:36,1
DA:37,1
DA:38,1
DA:39,1
DA:40,1
DA:41,1
DA:42,1
DA:43,1
DA:44,1
DA:45,1
DA:46,1
DA:47,1
DA:48,1
DA:50,1
DA:51,1
DA:52,1
DA:53,1
DA:54,1
DA:55,1
DA:56,16
DA:57,16
DA:58,13
DA:60,16
DA:61,33
DA:62,6
DA:63,6
DA:64,33
DA:66,7
DA:67,16
DA:68,3
DA:69,3
DA:71,4
DA:72,4
DA:74,1
DA:75,1
DA:76,1
DA:78,1
DA:79,1
DA:80,1
DA:81,1
DA:83,1
DA:84,1
DA:85,1
DA:86,1
DA:87,1
DA:89,1
DA:90,1
DA:91,1
DA:92,1
DA:93,1
DA:94,1
DA:95,17
DA:96,17
DA:97,14
DA:99,17
DA:100,17
DA:101,4
DA:102,4
DA:104,1
DA:105,1
DA:106,1
DA:108,1
DA:109,1
DA:110,1
DA:111,1
DA:112,1
DA:113,1
DA:115,18
DA:116,18
DA:117,16
DA:119,18
DA:120,41
DA:121,41
DA:122,5
DA:123,5
DA:125,1
DA:126,1
DA:127,1
DA:129,1
DA:130,1
DA:131,1
DA:132,1
DA:133,1
DA:134,1
DA:135,18
DA:136,18
DA:137,18
DA:138,18
DA:139,9
DA:140,9
DA:141,9
DA:143,10
DA:144,10
DA:145,18
DA:146,3
DA:147,3
DA:148,3
DA:150,8
DA:151,8
DA:152,18
DA:153,3
DA:154,3
DA:155,3
DA:157,8
DA:158,8
DA:160,1
DA:161,1
DA:162,1
DA:164,1
DA:165,1
DA:166,1
DA:167,1
DA:168,1
DA:169,1
DA:170,6
DA:171,6
DA:173,6
DA:174,6
DA:175,6
DA:176,5
DA:177,5
DA:179,6
DA:180,6
DA:181,6
DA:183,6
DA:184,6
DA:185,6
DA:187,6
DA:188,6
DA:189,6
DA:191,6
DA:192,6
DA:194,6
DA:195,6
DA:197,1
DA:198,1
DA:199,1
DA:201,1
DA:202,1
DA:203,1
DA:204,1
DA:205,1
DA:206,1
DA:207,1
DA:208,1
DA:210,1
DA:211,1
DA:212,1
DA:213,1
DA:215,1
DA:216,1
DA:217,1
DA:218,1
DA:219,1
DA:220,1
DA:222,1
DA:223,1
DA:224,1
DA:225,1
DA:226,1
DA:227,3
DA:228,3
DA:230,1
DA:232,1
DA:233,1
DA:234,1
DA:236,1
DA:237,1
DA:238,1
DA:240,1
DA:241,1
DA:242,1
DA:244,1
DA:245,1
DA:246,1
DA:248,3
DA:250,1
DA:251,1
DA:253,1
DA:254,1
DA:255,1
DA:257,1
DA:258,1
DA:259,1
DA:260,1
DA:261,1
DA:262,1
DA:263,1
DA:265,1
DA:266,1
DA:267,1
DA:268,1
DA:269,1
DA:271,1
DA:272,1
DA:273,1
DA:274,1
DA:275,1
DA:277,1
DA:278,1
DA:279,1
DA:281,1
DA:282,1
DA:283,1
DA:284,1
DA:285,1
DA:286,4
DA:287,4
DA:288,1
DA:289,1
DA:291,4
DA:292,1
DA:293,1
DA:295,4
DA:296,1
DA:297,1
DA:299,4
DA:300,0
DA:301,0
DA:303,1
DA:304,1
DA:306,1
DA:307,1
DA:308,1
DA:310,1
DA:311,1
DA:312,1
DA:313,1
DA:314,1
DA:315,1
DA:316,6
DA:317,6
DA:319,6
DA:320,6
DA:321,1
DA:322,1
DA:323,1
DA:324,1
DA:325,1
DA:326,1
DA:328,5
DA:329,6
DA:330,1
DA:331,1
DA:332,1
DA:333,1
DA:334,1
DA:335,1
DA:337,4
DA:338,6
DA:339,2
DA:340,1
DA:341,1
DA:342,1
DA:343,1
DA:344,1
DA:345,1
DA:346,2
DA:347,0
DA:348,0
DA:349,0
DA:350,0
DA:351,0
DA:352,0
DA:353,2
DA:354,0
DA:355,0
DA:356,0
DA:357,0
DA:358,0
DA:359,0
DA:360,1
DA:361,1
DA:362,1
DA:363,1
DA:364,1
DA:365,1
DA:366,1
DA:368,2
DA:369,6
DA:370,1
DA:371,1
DA:372,1
DA:373,1
DA:374,1
DA:375,1
DA:376,6
DA:377,0
DA:378,0
DA:379,0
DA:380,0
DA:381,0
DA:382,0
DA:383,6
DA:384,0
DA:385,0
DA:386,0
DA:387,0
DA:388,0
DA:389,0
DA:391,1
DA:392,6
DA:393,0
DA:394,0
DA:395,0
DA:396,0
DA:397,0
DA:398,0
DA:399,6
DA:400,0
DA:401,0
DA:402,0
DA:403,0
DA:404,0
DA:405,0
DA:407,1
DA:408,1
DA:409,1
DA:410,1
DA:411,1
DA:412,1
DA:413,1
DA:415,1
DA:416,1
DA:417,1
DA:418,1
DA:419,1
DA:421,1
DA:422,1
DA:423,1
DA:425,1
DA:426,1
DA:427,1
DA:428,1
DA:429,1
DA:430,3
DA:431,3
DA:432,3
DA:434,1
DA:435,3
DA:436,0
DA:437,0
DA:438,0
DA:440,1
DA:441,1
DA:443,1
DA:444,1
DA:445,1
DA:446,1
DA:447,1
DA:448,2
DA:449,2
DA:450,0
DA:451,0
DA:452,0
DA:453,0
DA:454,2
DA:455,2
DA:457,1
DA:458,1
DA:459,1
DA:460,1
DA:461,81
DA:462,81
DA:463,81
LF:397
LH:352
BRDA:56,0,0,16
BRDA:57,1,0,3
BRDA:57,2,0,13
BRDA:60,3,0,33
BRDA:61,4,0,6
BRDA:64,5,0,7
BRDA:67,6,0,3
BRDA:69,7,0,4
BRDA:61,8,0,465
BRDA:95,9,0,17
BRDA:96,10,0,3
BRDA:96,11,0,14
BRDA:99,12,0,13
BRDA:99,13,0,6
BRDA:99,14,0,8
BRDA:100,15,0,4
BRDA:99,16,0,70
BRDA:100,17,0,66
BRDA:115,18,0,18
BRDA:116,19,0,2
BRDA:116,20,0,16
BRDA:119,21,0,41
BRDA:120,22,0,11
BRDA:121,23,0,5
BRDA:120,24,0,216
BRDA:135,25,0,18
BRDA:138,26,0,9
BRDA:140,27,0,8
BRDA:140,28,0,8
BRDA:141,29,0,10
BRDA:145,30,0,3
BRDA:147,31,0,2
BRDA:147,32,0,2
BRDA:148,33,0,8
BRDA:152,34,0,3
BRDA:154,35,0,1
BRDA:154,36,0,0
BRDA:155,37,0,8
BRDA:170,38,0,6
BRDA:175,39,0,3
BRDA:175,40,0,5
BRDA:181,41,0,4
BRDA:185,42,0,3
BRDA:189,43,0,2
BRDA:192,44,0,4
BRDA:227,45,0,3
BRDA:228,46,0,2
BRDA:228,47,0,2
BRDA:228,48,0,1
BRDA:233,49,0,0
BRDA:237,50,0,0
BRDA:241,51,0,0
BRDA:248,52,0,0
BRDA:248,53,0,1
BRDA:261,54,0,1
BRDA:286,55,0,4
BRDA:287,56,0,1
BRDA:289,57,0,3
BRDA:291,58,0,1
BRDA:293,59,0,2
BRDA:295,60,0,1
BRDA:295,61,0,1
BRDA:299,62,0,0
BRDA:299,63,0,0
BRDA:301,64,0,1
BRDA:316,65,0,6
BRDA:317,66,0,0
BRDA:320,67,0,1
BRDA:322,68,0,0
BRDA:326,69,0,5
BRDA:329,70,0,1
BRDA:335,71,0,4
BRDA:338,72,0,2
BRDA:339,73,0,1
BRDA:342,74,0,0
BRDA:346,75,0,0
BRDA:352,76,0,1
BRDA:353,77,0,0
BRDA:359,78,0,1
BRDA:369,79,0,1
BRDA:376,80,0,0
BRDA:382,81,0,1
BRDA:383,82,0,0
BRDA:389,83,0,1
BRDA:392,84,0,0
BRDA:398,85,0,1
BRDA:399,86,0,0
BRDA:405,87,0,1
BRDA:430,88,0,3
BRDA:432,89,0,2
BRDA:432,90,0,1
BRDA:435,91,0,0
BRDA:438,92,0,1
BRDA:448,93,0,2
BRDA:449,94,0,0
BRDA:461,95,0,81
BRF:96
BRH:78
end_of_record
TN:
SF:lib\validateEnv.js
FN:39,validateEnv
FN:66,requireEnv
FNF:2
FNH:2
FNDA:17,validateEnv
FNDA:5,requireEnv
DA:1,1
DA:2,1
DA:3,1
DA:4,1
DA:5,1
DA:6,1
DA:8,1
DA:9,1
DA:10,1
DA:11,1
DA:12,1
DA:13,1
DA:14,1
DA:15,1
DA:16,1
DA:17,1
DA:18,1
DA:19,1
DA:20,1
DA:21,1
DA:22,1
DA:23,1
DA:24,1
DA:25,1
DA:26,1
DA:27,1
DA:28,1
DA:29,1
DA:30,1
DA:31,1
DA:32,1
DA:34,1
DA:35,1
DA:36,1
DA:37,1
DA:38,1
DA:39,1
DA:40,17
DA:41,17
DA:42,2
DA:43,2
DA:45,15
DA:46,15
DA:47,15
DA:49,15
DA:50,15
DA:51,15
DA:53,15
DA:54,15
DA:55,15
DA:56,15
DA:57,15
DA:58,15
DA:60,1
DA:61,1
DA:62,1
DA:63,1
DA:64,1
DA:65,1
DA:66,1
DA:67,5
DA:69,5
DA:70,2
DA:71,2
DA:73,5
DA:74,2
DA:75,2
DA:76,2
DA:77,2
DA:78,2
DA:79,2
DA:80,2
DA:82,3
DA:83,3
LF:74
LH:74
BRDA:39,0,0,17
BRDA:41,1,0,2
BRDA:43,2,0,15
BRDA:46,3,0,27
BRDA:46,4,0,19
BRDA:50,5,0,28
BRDA:51,6,0,24
BRDA:66,7,0,5
BRDA:69,8,0,2
BRDA:73,9,0,2
BRDA:80,10,0,3
BRDA:70,11,0,5
BRF:12
BRH:12
end_of_record
TN:
SF:lib\responses\admissions.js
FN:61,normalizeQatariDialect
FN:78,isGrade10or11Query
FN:90,isRejectionQuery
FN:101,isOutsideQatarQuery
FN:113,isDualNationalityQuery
FN:126,isTransferQuery
FN:137,isGenderRestrictionsQuery
FN:149,isAccreditationQuery
FN:160,isSatQuery
FN:169,isIeltsQuery
FN:179,isEyeVisionQuery
FN:189,isFitnessMilitaryQuery
FN:199,isDeadlinesQuery
FN:209,matchMultiComparison
FN:226,extractGrade
FN:243,isScholarshipContext
FN:253,isNonQatariKeyword
FN:268,isGreeting
FNF:18
FNH:0
FNDA:0,normalizeQatariDialect
FNDA:0,isGrade10or11Query
FNDA:0,isRejectionQuery
FNDA:0,isOutsideQatarQuery
FNDA:0,isDualNationalityQuery
FNDA:0,isTransferQuery
FNDA:0,isGenderRestrictionsQuery
FNDA:0,isAccreditationQuery
FNDA:0,isSatQuery
FNDA:0,isIeltsQuery
FNDA:0,isEyeVisionQuery
FNDA:0,isFitnessMilitaryQuery
FNDA:0,isDeadlinesQuery
FNDA:0,matchMultiComparison
FNDA:0,extractGrade
FNDA:0,isScholarshipContext
FNDA:0,isNonQatariKeyword
FNDA:0,isGreeting
DA:1,1
DA:2,1
DA:3,1
DA:4,1
DA:5,1
DA:6,1
DA:7,1
DA:8,1
DA:9,1
DA:10,1
DA:11,1
DA:12,1
DA:13,1
DA:14,1
DA:15,1
DA:16,1
DA:17,1
DA:18,1
DA:19,1
DA:21,1
DA:22,1
DA:24,1
DA:25,1
DA:26,1
DA:27,1
DA:28,1
DA:29,1
DA:30,1
DA:31,1
DA:32,1
DA:33,1
DA:34,1
DA:35,1
DA:36,1
DA:37,1
DA:38,1
DA:39,1
DA:40,1
DA:41,1
DA:43,1
DA:44,1
DA:45,1
DA:46,1
DA:47,1
DA:48,1
DA:49,1
DA:50,1
DA:51,1
DA:52,1
DA:53,1
DA:54,1
DA:56,1
DA:57,1
DA:58,1
DA:59,1
DA:60,1
DA:61,1
DA:62,0
DA:63,0
DA:64,0
DA:65,0
DA:66,0
DA:67,0
DA:69,1
DA:70,1
DA:71,1
DA:73,1
DA:74,1
DA:75,1
DA:76,1
DA:77,1
DA:78,1
DA:79,0
DA:80,0
DA:81,0
DA:82,0
DA:83,0
DA:85,1
DA:86,1
DA:87,1
DA:88,1
DA:89,1
DA:90,1
DA:91,0
DA:92,0
DA:93,0
DA:94,0
DA:96,1
DA:97,1
DA:98,1
DA:99,1
DA:100,1
DA:101,1
DA:102,0
DA:103,0
DA:104,0
DA:105,0
DA:106,0
DA:108,1
DA:109,1
DA:110,1
DA:111,1
DA:112,1
DA:113,1
DA:114,0
DA:115,0
DA:116,0
DA:117,0
DA:118,0
DA:119,0
DA:121,1
DA:122,1
DA:123,1
DA:124,1
DA:125,1
DA:126,1
DA:127,0
DA:128,0
DA:129,0
DA:130,0
DA:132,1
DA:133,1
DA:134,1
DA:135,1
DA:136,1
DA:137,1
DA:138,0
DA:139,0
DA:140,0
DA:141,0
DA:142,0
DA:144,1
DA:145,1
DA:146,1
DA:147,1
DA:148,1
DA:149,1
DA:150,0
DA:151,0
DA:152,0
DA:153,0
DA:155,1
DA:156,1
DA:157,1
DA:158,1
DA:159,1
DA:160,1
DA:161,0
DA:162,0
DA:164,1
DA:165,1
DA:166,1
DA:167,1
DA:168,1
DA:169,1
DA:170,0
DA:171,0
DA:172,0
DA:174,1
DA:175,1
DA:176,1
DA:177,1
DA:178,1
DA:179,1
DA:180,0
DA:181,0
DA:182,0
DA:184,1
DA:185,1
DA:186,1
DA:187,1
DA:188,1
DA:189,1
DA:190,0
DA:191,0
DA:192,0
DA:194,1
DA:195,1
DA:196,1
DA:197,1
DA:198,1
DA:199,1
DA:200,0
DA:201,0
DA:202,0
DA:204,1
DA:205,1
DA:206,1
DA:207,1
DA:208,1
DA:209,1
DA:210,0
DA:211,0
DA:213,0
DA:214,0
DA:215,0
DA:216,0
DA:218,0
DA:219,0
DA:221,1
DA:222,1
DA:223,1
DA:224,1
DA:225,1
DA:226,1
DA:227,0
DA:228,0
DA:229,0
DA:230,0
DA:231,0
DA:232,0
DA:233,0
DA:234,0
DA:235,0
DA:236,0
DA:238,1
DA:239,1
DA:240,1
DA:241,1
DA:242,1
DA:243,1
DA:244,0
DA:245,0
DA:246,0
DA:248,1
DA:249,1
DA:250,1
DA:251,1
DA:252,1
DA:253,1
DA:254,0
DA:255,0
DA:256,0
DA:257,0
DA:258,0
DA:259,0
DA:260,0
DA:261,0
DA:263,1
DA:264,1
DA:265,1
DA:266,1
DA:267,1
DA:268,1
DA:269,0
DA:270,0
DA:271,0
LF:247
LH:162
BRF:0
BRH:0
end_of_record
TN:
SF:lib\responses\index.js
FNF:0
FNH:0
DA:1,1
DA:2,1
DA:3,1
DA:4,1
DA:5,1
DA:6,1
DA:7,1
DA:8,1
DA:9,1
DA:11,1
DA:12,1
DA:13,1
DA:14,1
DA:15,1
DA:16,1
DA:17,1
DA:18,1
DA:19,1
LF:18
LH:18
BRF:0
BRH:0
end_of_record
TN:
SF:lib\responses\majors.js
FN:82,isStudyPlanContext
FN:95,matchStudyPlan
FN:179,matchGenericTopic
FN:227,isVision2030Query
FN:236,isReservoirEngineerQuery
FN:245,isThamoonQuery
FN:254,isTeachForQatarQuery
FN:263,isTeachingCareerQuery
FN:272,isSalariesQuery
FNF:9
FNH:0
FNDA:0,isStudyPlanContext
FNDA:0,matchStudyPlan
FNDA:0,matchGenericTopic
FNDA:0,isVision2030Query
FNDA:0,isReservoirEngineerQuery
FNDA:0,isThamoonQuery
FNDA:0,isTeachForQatarQuery
FNDA:0,isTeachingCareerQuery
FNDA:0,isSalariesQuery
DA:1,1
DA:2,1
DA:3,1
DA:4,1
DA:5,1
DA:6,1
DA:7,1
DA:8,1
DA:9,1
DA:10,1
DA:11,1
DA:12,1
DA:13,1
DA:14,1
DA:15,1
DA:16,1
DA:18,1
DA:19,1
DA:21,1
DA:22,1
DA:23,1
DA:25,1
DA:26,1
DA:28,1
DA:29,1
DA:30,1
DA:31,1
DA:32,1
DA:33,1
DA:35,1
DA:36,1
DA:38,1
DA:39,1
DA:41,1
DA:42,1
DA:44,1
DA:45,1
DA:47,1
DA:48,1
DA:50,1
DA:51,1
DA:52,1
DA:53,1
DA:54,1
DA:55,1
DA:56,1
DA:57,1
DA:58,1
DA:59,1
DA:61,1
DA:62,1
DA:63,1
DA:64,1
DA:65,1
DA:66,1
DA:67,1
DA:68,1
DA:69,1
DA:70,1
DA:71,1
DA:73,1
DA:74,1
DA:75,1
DA:77,1
DA:78,1
DA:79,1
DA:80,1
DA:81,1
DA:82,1
DA:83,0
DA:84,0
DA:85,0
DA:86,0
DA:87,0
DA:89,1
DA:90,1
DA:91,1
DA:92,1
DA:93,1
DA:94,1
DA:95,1
DA:96,0
DA:97,0
DA:98,0
DA:99,0
DA:100,0
DA:101,0
DA:102,0
DA:104,0
DA:105,0
DA:106,0
DA:107,0
DA:108,0
DA:109,0
DA:110,0
DA:111,0
DA:112,0
DA:113,0
DA:114,0
DA:115,0
DA:116,0
DA:117,0
DA:118,0
DA:119,0
DA:120,0
DA:121,0
DA:122,0
DA:123,0
DA:124,0
DA:125,0
DA:126,0
DA:127,0
DA:128,0
DA:129,0
DA:130,0
DA:131,0
DA:132,0
DA:133,0
DA:134,0
DA:135,0
DA:136,0
DA:137,0
DA:138,0
DA:139,0
DA:140,0
DA:141,0
DA:142,0
DA:143,0
DA:144,0
DA:145,0
DA:146,0
DA:147,0
DA:148,0
DA:149,0
DA:150,0
DA:151,0
DA:152,0
DA:153,0
DA:154,0
DA:155,0
DA:156,0
DA:157,0
DA:158,0
DA:159,0
DA:160,0
DA:161,0
DA:162,0
DA:163,0
DA:164,0
DA:166,0
DA:167,0
DA:168,0
DA:170,0
DA:171,0
DA:173,1
DA:174,1
DA:175,1
DA:176,1
DA:177,1
DA:178,1
DA:179,1
DA:180,0
DA:181,0
DA:182,0
DA:183,0
DA:184,0
DA:185,0
DA:186,0
DA:187,0
DA:188,0
DA:189,0
DA:190,0
DA:191,0
DA:192,0
DA:193,0
DA:194,0
DA:195,0
DA:196,0
DA:197,0
DA:198,0
DA:199,0
DA:200,0
DA:201,0
DA:202,0
DA:203,0
DA:204,0
DA:205,0
DA:206,0
DA:207,0
DA:208,0
DA:209,0
DA:210,0
DA:211,0
DA:212,0
DA:213,0
DA:215,0
DA:216,0
DA:218,1
DA:219,1
DA:220,1
DA:222,1
DA:223,1
DA:224,1
DA:225,1
DA:226,1
DA:227,1
DA:228,0
DA:229,0
DA:231,1
DA:232,1
DA:233,1
DA:234,1
DA:235,1
DA:236,1
DA:237,0
DA:238,0
DA:240,1
DA:241,1
DA:242,1
DA:243,1
DA:244,1
DA:245,1
DA:246,0
DA:247,0
DA:249,1
DA:250,1
DA:251,1
DA:252,1
DA:253,1
DA:254,1
DA:255,0
DA:256,0
DA:258,1
DA:259,1
DA:260,1
DA:261,1
DA:262,1
DA:263,1
DA:264,0
DA:265,0
DA:267,1
DA:268,1
DA:269,1
DA:270,1
DA:271,1
DA:272,1
DA:273,0
DA:274,0
DA:275,0
LF:249
LH:122
BRF:0
BRH:0
end_of_record
TN:
SF:lib\responses\message-router.js
FN:20,findResponse
FNF:1
FNH:1
FNDA:81,findResponse
DA:1,1
DA:2,1
DA:3,1
DA:4,1
DA:5,1
DA:6,1
DA:7,1
DA:8,1
DA:9,1
DA:10,1
DA:11,1
DA:13,1
DA:14,1
DA:15,1
DA:16,1
DA:17,1
DA:18,1
DA:19,1
DA:20,1
DA:21,81
DA:23,81
DA:24,81
DA:25,81
DA:26,81
DA:27,81
DA:28,81
DA:29,81
DA:30,81
DA:31,81
DA:32,81
DA:33,81
DA:34,81
DA:35,2106
DA:36,81
DA:38,81
DA:39,81
DA:40,81
DA:41,81
DA:42,81
DA:43,1
DA:44,1
DA:46,80
DA:47,81
DA:48,81
DA:49,81
DA:50,1
DA:51,1
DA:53,79
DA:54,81
DA:55,81
DA:56,81
DA:57,81
DA:58,1
DA:59,1
DA:61,78
DA:62,81
DA:63,81
DA:64,81
DA:65,81
DA:66,81
DA:67,0
DA:68,0
DA:70,78
DA:71,81
DA:72,81
DA:73,81
DA:74,1
DA:75,1
DA:77,77
DA:78,81
DA:79,81
DA:80,81
DA:81,81
DA:82,1
DA:83,1
DA:85,76
DA:86,81
DA:88,81
DA:89,81
DA:90,62
DA:91,81
DA:92,0
DA:93,0
DA:95,76
DA:96,81
DA:97,6
DA:98,6
DA:99,6
DA:100,6
DA:101,6
DA:102,6
DA:103,6
DA:104,6
DA:105,6
DA:107,72
DA:108,81
DA:109,0
DA:110,0
DA:111,0
DA:112,0
DA:113,0
DA:115,72
DA:116,81
DA:117,81
DA:119,70
DA:120,81
DA:121,81
DA:123,69
DA:124,81
DA:125,81
DA:127,67
DA:128,81
DA:129,81
DA:131,66
DA:132,66
DA:133,66
DA:135,66
DA:136,81
DA:137,81
DA:139,65
DA:140,81
DA:141,81
DA:142,81
DA:143,81
DA:145,63
DA:146,81
DA:147,81
DA:149,62
DA:150,62
DA:151,81
DA:153,61
DA:154,81
DA:155,81
DA:156,81
DA:157,81
DA:159,60
DA:160,81
DA:161,81
DA:163,60
DA:164,81
DA:165,81
DA:167,59
DA:168,81
DA:169,81
DA:171,57
DA:172,81
DA:173,81
DA:175,56
DA:176,81
DA:177,81
DA:179,55
DA:180,55
DA:181,81
DA:182,81
DA:183,81
DA:184,81
DA:185,81
DA:186,81
DA:187,81
DA:188,81
DA:189,81
DA:191,52
DA:192,52
DA:193,52
DA:195,81
DA:196,5
DA:197,5
DA:198,5
DA:199,5
DA:200,5
DA:201,5
DA:203,4
DA:204,5
DA:205,5
DA:206,5
DA:207,5
DA:208,5
DA:209,5
DA:210,5
DA:211,5
DA:212,5
DA:213,5
DA:214,5
DA:215,5
DA:216,5
DA:217,5
DA:218,5
DA:219,5
DA:220,5
DA:221,5
DA:222,5
DA:223,5
DA:224,5
DA:225,5
DA:226,5
DA:227,5
DA:228,5
DA:229,5
DA:230,5
DA:231,5
DA:232,5
DA:233,5
DA:234,5
DA:235,5
DA:236,5
DA:237,5
DA:238,5
DA:239,5
DA:240,5
DA:241,5
DA:242,5
DA:243,5
DA:244,5
DA:245,5
DA:246,5
DA:247,5
DA:248,5
DA:249,5
DA:250,5
DA:251,5
DA:252,5
DA:253,5
DA:254,5
DA:255,5
DA:256,5
DA:257,5
DA:258,5
DA:259,5
DA:260,5
DA:261,5
DA:262,5
DA:263,5
DA:265,1
DA:266,5
DA:267,5
DA:268,5
DA:270,48
DA:271,48
DA:272,48
DA:273,81
DA:274,81
DA:275,81
DA:276,81
DA:278,48
DA:279,48
DA:280,48
DA:281,81
DA:282,81
DA:283,81
DA:284,81
DA:285,81
DA:286,81
DA:287,81
DA:288,81
DA:289,81
DA:290,81
DA:291,81
DA:292,81
DA:293,81
DA:294,81
DA:295,81
DA:296,81
DA:298,41
DA:299,41
DA:300,41
DA:301,81
DA:302,81
DA:303,81
DA:304,81
DA:305,81
DA:306,81
DA:307,81
DA:308,81
DA:309,81
DA:310,81
DA:311,81
DA:312,81
DA:313,81
DA:314,81
DA:315,81
DA:316,81
DA:318,31
DA:319,81
DA:320,81
DA:321,81
DA:322,81
DA:323,81
DA:324,81
DA:325,81
DA:326,81
DA:327,81
DA:328,81
DA:330,24
DA:331,81
DA:332,81
DA:333,81
DA:334,81
DA:336,21
DA:337,81
DA:338,81
DA:340,21
DA:341,81
DA:342,81
DA:344,21
DA:345,81
DA:346,81
DA:348,20
DA:349,81
DA:350,81
DA:352,19
DA:353,81
DA:354,81
DA:356,19
DA:357,81
DA:358,81
DA:360,17
DA:361,81
DA:362,81
DA:364,16
DA:365,81
DA:366,81
DA:368,15
DA:369,15
DA:370,15
DA:371,81
DA:372,81
DA:374,15
DA:375,15
DA:376,15
DA:377,81
DA:378,81
DA:380,15
DA:381,15
DA:382,15
DA:384,81
DA:385,81
DA:386,81
DA:387,81
DA:388,81
DA:389,81
DA:390,81
DA:391,81
DA:392,81
DA:393,81
DA:394,81
DA:395,81
DA:396,15
DA:397,81
DA:398,81
DA:399,81
DA:400,81
DA:401,81
DA:402,81
DA:403,81
DA:404,81
DA:405,81
DA:406,81
DA:407,81
DA:409,15
DA:410,15
DA:411,81
DA:412,81
DA:413,81
DA:414,81
DA:415,81
DA:416,81
DA:417,81
DA:419,15
DA:420,81
DA:421,81
DA:423,15
DA:424,81
DA:425,81
DA:427,15
DA:428,81
DA:429,81
DA:431,15
DA:432,81
DA:433,81
DA:435,15
DA:436,81
DA:437,81
DA:439,15
DA:440,81
DA:441,81
DA:443,14
DA:444,81
DA:445,81
DA:447,14
DA:448,81
DA:449,81
DA:451,14
DA:452,81
DA:453,81
DA:455,14
DA:456,81
DA:457,81
DA:459,14
DA:460,81
DA:461,81
DA:463,13
DA:464,13
DA:465,81
DA:466,8
DA:467,8
DA:468,7
DA:469,7
DA:470,7
DA:471,8
DA:473,6
DA:474,81
DA:475,4
DA:476,4
DA:478,2
DA:479,2
LF:415
LH:406
BRDA:20,0,0,81
BRDA:39,1,0,80
BRDA:39,2,0,80
BRDA:39,3,0,80
BRDA:40,4,0,80
BRDA:40,5,0,80
BRDA:40,6,0,80
BRDA:41,7,0,0
BRDA:41,8,0,0
BRDA:41,9,0,80
BRDA:42,10,0,80
BRDA:42,11,0,1
BRDA:44,12,0,80
BRDA:47,13,0,80
BRDA:47,14,0,79
BRDA:48,15,0,79
BRDA:48,16,0,79
BRDA:48,17,0,79
BRDA:49,18,0,79
BRDA:49,19,0,1
BRDA:51,20,0,79
BRDA:54,21,0,78
BRDA:54,22,0,78
BRDA:54,23,0,78
BRDA:55,24,0,78
BRDA:55,25,0,78
BRDA:55,26,0,78
BRDA:56,27,0,78
BRDA:56,28,0,1
BRDA:57,29,0,0
BRDA:57,30,0,0
BRDA:57,31,0,1
BRDA:59,32,0,78
BRDA:62,33,0,78
BRDA:63,34,0,5
BRDA:63,35,0,0
BRDA:63,36,0,78
BRDA:64,37,0,0
BRDA:64,38,0,78
BRDA:65,39,0,0
BRDA:65,40,0,78
BRDA:66,41,0,78
BRDA:66,42,0,0
BRDA:68,43,0,78
BRDA:71,44,0,77
BRDA:71,45,0,77
BRDA:71,46,0,77
BRDA:72,47,0,77
BRDA:72,48,0,77
BRDA:72,49,0,77
BRDA:73,50,0,0
BRDA:73,51,0,77
BRDA:73,52,0,1
BRDA:75,53,0,77
BRDA:78,54,0,76
BRDA:78,55,0,76
BRDA:78,56,0,76
BRDA:79,57,0,76
BRDA:79,58,0,76
BRDA:79,59,0,76
BRDA:80,60,0,76
BRDA:80,61,0,76
BRDA:80,62,0,76
BRDA:81,63,0,0
BRDA:81,64,0,76
BRDA:81,65,0,0
BRDA:81,66,0,1
BRDA:83,67,0,76
BRDA:86,68,0,68
BRDA:86,69,0,64
BRDA:86,70,0,63
BRDA:86,71,0,62
BRDA:86,72,0,62
BRDA:89,73,0,62
BRDA:91,74,0,0
BRDA:91,75,0,0
BRDA:93,76,0,76
BRDA:96,77,0,73
BRDA:96,78,0,71
BRDA:96,79,0,70
BRDA:96,80,0,70
BRDA:96,81,0,6
BRDA:97,82,0,5
BRDA:97,83,0,1
BRDA:97,84,0,0
BRDA:97,85,0,0
BRDA:98,86,0,1
BRDA:98,87,0,5
BRDA:99,88,0,4
BRDA:99,89,0,1
BRDA:99,90,0,0
BRDA:99,91,0,0
BRDA:100,92,0,1
BRDA:100,93,0,4
BRDA:101,94,0,3
BRDA:101,95,0,1
BRDA:101,96,0,0
BRDA:101,97,0,0
BRDA:102,98,0,1
BRDA:102,99,0,3
BRDA:103,100,0,2
BRDA:103,101,0,2
BRDA:104,102,0,1
BRDA:105,103,0,72
BRDA:108,104,0,0
BRDA:108,105,0,0
BRDA:113,106,0,72
BRDA:116,107,0,5
BRDA:116,108,0,71
BRDA:116,109,0,2
BRDA:116,110,0,70
BRDA:116,111,0,2
BRDA:117,112,0,2
BRDA:117,113,0,76
BRDA:117,114,0,70
BRDA:120,115,0,68
BRDA:120,116,0,2
BRDA:120,117,0,1
BRDA:120,118,0,1
BRDA:121,119,0,1
BRDA:121,120,0,69
BRDA:124,121,0,67
BRDA:124,122,0,67
BRDA:125,123,0,2
BRDA:125,124,0,75
BRDA:125,125,0,67
BRDA:128,126,0,66
BRDA:129,127,0,1
BRDA:129,128,0,72
BRDA:129,129,0,66
BRDA:136,130,0,65
BRDA:136,131,0,65
BRDA:136,132,0,0
BRDA:136,133,0,65
BRDA:136,134,0,0
BRDA:137,135,0,1
BRDA:137,136,0,65
BRDA:140,137,0,63
BRDA:140,138,0,63
BRDA:141,139,0,2
BRDA:141,140,0,63
BRDA:142,141,0,11
BRDA:143,142,0,0
BRDA:143,143,0,63
BRDA:146,144,0,1
BRDA:146,145,0,63
BRDA:146,146,0,3
BRDA:147,147,0,1
BRDA:147,148,0,62
BRDA:151,149,0,1
BRDA:151,150,0,61
BRDA:154,151,0,9
BRDA:154,152,0,8
BRDA:154,153,0,8
BRDA:155,154,0,1
BRDA:155,155,0,60
BRDA:156,156,0,0
BRDA:157,157,0,0
BRDA:157,158,0,60
BRDA:160,159,0,8
BRDA:161,160,0,0
BRDA:161,161,0,60
BRDA:164,162,0,8
BRDA:164,163,0,7
BRDA:165,164,0,1
BRDA:165,165,0,59
BRDA:168,166,0,57
BRDA:169,167,0,2
BRDA:169,168,0,72
BRDA:169,169,0,57
BRDA:172,170,0,56
BRDA:172,171,0,56
BRDA:173,172,0,1
BRDA:173,173,0,72
BRDA:173,174,0,56
BRDA:176,175,0,55
BRDA:176,176,0,55
BRDA:176,177,0,3
BRDA:177,178,0,1
BRDA:177,179,0,55
BRDA:181,180,0,54
BRDA:181,181,0,54
BRDA:182,182,0,53
BRDA:182,183,0,53
BRDA:182,184,0,53
BRDA:183,185,0,52
BRDA:183,186,0,52
BRDA:183,187,0,52
BRDA:184,188,0,52
BRDA:184,189,0,52
BRDA:184,190,0,52
BRDA:185,191,0,52
BRDA:185,192,0,52
BRDA:186,193,0,52
BRDA:186,194,0,52
BRDA:187,195,0,52
BRDA:188,196,0,3
BRDA:189,197,0,3
BRDA:189,198,0,62
BRDA:189,199,0,52
BRDA:195,200,0,51
BRDA:195,201,0,51
BRDA:195,202,0,51
BRDA:195,203,0,51
BRDA:195,204,0,51
BRDA:195,205,0,51
BRDA:195,206,0,47
BRDA:195,207,0,47
BRDA:195,208,0,47
BRDA:195,209,0,47
BRDA:195,210,0,47
BRDA:195,211,0,47
BRDA:195,212,0,5
BRDA:197,213,0,1
BRDA:197,214,0,1
BRDA:197,215,0,4
BRDA:197,216,0,1
BRDA:197,217,0,4
BRDA:198,218,0,4
BRDA:198,219,0,4
BRDA:199,220,0,0
BRDA:199,221,0,4
BRDA:200,222,0,0
BRDA:201,223,0,0
BRDA:201,224,0,4
BRDA:204,225,0,3
BRDA:204,226,0,3
BRDA:205,227,0,1
BRDA:205,228,0,3
BRDA:206,229,0,2
BRDA:206,230,0,2
BRDA:207,231,0,2
BRDA:207,232,0,1
BRDA:208,233,0,2
BRDA:209,234,0,0
BRDA:209,235,0,2
BRDA:210,236,0,2
BRDA:210,237,0,2
BRDA:211,238,0,0
BRDA:211,239,0,2
BRDA:212,240,0,2
BRDA:212,241,0,2
BRDA:212,242,0,2
BRDA:213,243,0,0
BRDA:213,244,0,2
BRDA:214,245,0,2
BRDA:215,246,0,0
BRDA:215,247,0,2
BRDA:217,248,0,0
BRDA:217,249,0,2
BRDA:218,250,0,2
BRDA:219,251,0,0
BRDA:219,252,0,2
BRDA:220,253,0,2
BRDA:221,254,0,0
BRDA:221,255,0,2
BRDA:222,256,0,2
BRDA:223,257,0,0
BRDA:223,258,0,2
BRDA:224,259,0,1
BRDA:224,260,0,1
BRDA:224,261,0,1
BRDA:225,262,0,1
BRDA:226,263,0,1
BRDA:227,264,0,1
BRDA:227,265,0,0
BRDA:228,266,0,1
BRDA:229,267,0,1
BRDA:229,268,0,0
BRDA:230,269,0,1
BRDA:231,270,0,1
BRDA:231,271,0,0
BRDA:232,272,0,1
BRDA:232,273,0,1
BRDA:232,274,0,0
BRDA:232,275,0,0
BRDA:233,276,0,1
BRDA:233,277,0,0
BRDA:234,278,0,1
BRDA:235,279,0,1
BRDA:235,280,0,0
BRDA:237,281,0,1
BRDA:237,282,0,0
BRDA:239,283,0,1
BRDA:239,284,0,0
BRDA:241,285,0,1
BRDA:241,286,0,0
BRDA:242,287,0,0
BRDA:242,288,0,0
BRDA:243,289,0,1
BRDA:243,290,0,0
BRDA:244,291,0,1
BRDA:245,292,0,1
BRDA:245,293,0,0
BRDA:247,294,0,1
BRDA:247,295,0,0
BRDA:249,296,0,1
BRDA:249,297,0,0
BRDA:250,298,0,1
BRDA:251,299,0,1
BRDA:251,300,0,0
BRDA:253,301,0,1
BRDA:253,302,0,0
BRDA:255,303,0,1
BRDA:255,304,0,0
BRDA:256,305,0,1
BRDA:257,306,0,1
BRDA:257,307,0,0
BRDA:258,308,0,1
BRDA:259,309,0,1
BRDA:259,310,0,0
BRDA:260,311,0,1
BRDA:261,312,0,1
BRDA:261,313,0,0
BRDA:262,314,0,0
BRDA:263,315,0,1
BRDA:263,316,0,0
BRDA:267,317,0,0
BRDA:268,318,0,48
BRDA:273,319,0,48
BRDA:274,320,0,0
BRDA:274,321,0,48
BRDA:275,322,0,48
BRDA:276,323,0,0
BRDA:276,324,0,67
BRDA:276,325,0,48
BRDA:281,326,0,47
BRDA:281,327,0,46
BRDA:282,328,0,2
BRDA:282,329,0,66
BRDA:282,330,0,46
BRDA:283,331,0,45
BRDA:284,332,0,1
BRDA:284,333,0,66
BRDA:284,334,0,45
BRDA:285,335,0,44
BRDA:286,336,0,3
BRDA:286,337,0,65
BRDA:286,338,0,42
BRDA:287,339,0,41
BRDA:287,340,0,41
BRDA:288,341,0,1
BRDA:288,342,0,41
BRDA:290,343,0,0
BRDA:290,344,0,41
BRDA:291,345,0,41
BRDA:292,346,0,0
BRDA:292,347,0,41
BRDA:293,348,0,41
BRDA:294,349,0,0
BRDA:294,350,0,41
BRDA:295,351,0,41
BRDA:295,352,0,0
BRDA:295,353,0,0
BRDA:295,354,0,0
BRDA:296,355,0,0
BRDA:296,356,0,65
BRDA:296,357,0,41
BRDA:301,358,0,40
BRDA:301,359,0,39
BRDA:301,360,0,39
BRDA:302,361,0,2
BRDA:302,362,0,39
BRDA:303,363,0,37
BRDA:303,364,0,37
BRDA:303,365,0,37
BRDA:304,366,0,2
BRDA:304,367,0,64
BRDA:304,368,0,37
BRDA:305,369,0,36
BRDA:305,370,0,36
BRDA:305,371,0,36
BRDA:306,372,0,1
BRDA:306,373,0,64
BRDA:306,374,0,36
BRDA:307,375,0,35
BRDA:308,376,0,1
BRDA:308,377,0,64
BRDA:308,378,0,35
BRDA:309,379,0,34
BRDA:310,380,0,1
BRDA:310,381,0,64
BRDA:310,382,0,34
BRDA:311,383,0,33
BRDA:311,384,0,33
BRDA:311,385,0,0
BRDA:312,386,0,1
BRDA:312,387,0,33
BRDA:313,388,0,33
BRDA:314,389,0,0
BRDA:314,390,0,33
BRDA:315,391,0,31
BRDA:315,392,0,31
BRDA:315,393,0,0
BRDA:316,394,0,2
BRDA:316,395,0,63
BRDA:316,396,0,31
BRDA:319,397,0,30
BRDA:319,398,0,30
BRDA:320,399,0,1
BRDA:320,400,0,63
BRDA:320,401,0,30
BRDA:321,402,0,29
BRDA:321,403,0,29
BRDA:322,404,0,1
BRDA:322,405,0,63
BRDA:322,406,0,29
BRDA:323,407,0,27
BRDA:323,408,0,27
BRDA:323,409,0,26
BRDA:323,410,0,26
BRDA:324,411,0,3
BRDA:324,412,0,63
BRDA:324,413,0,26
BRDA:325,414,0,25
BRDA:325,415,0,25
BRDA:325,416,0,25
BRDA:325,417,0,25
BRDA:326,418,0,1
BRDA:326,419,0,63
BRDA:326,420,0,25
BRDA:327,421,0,24
BRDA:327,422,0,24
BRDA:327,423,0,24
BRDA:327,424,0,24
BRDA:328,425,0,1
BRDA:328,426,0,24
BRDA:331,427,0,22
BRDA:331,428,0,22
BRDA:332,429,0,2
BRDA:332,430,0,62
BRDA:332,431,0,22
BRDA:333,432,0,21
BRDA:333,433,0,21
BRDA:333,434,0,21
BRDA:333,435,0,21
BRDA:334,436,0,1
BRDA:334,437,0,21
BRDA:337,438,0,21
BRDA:337,439,0,21
BRDA:337,440,0,21
BRDA:337,441,0,21
BRDA:337,442,0,21
BRDA:338,443,0,0
BRDA:338,444,0,21
BRDA:341,445,0,21
BRDA:341,446,0,0
BRDA:342,447,0,0
BRDA:342,448,0,62
BRDA:342,449,0,21
BRDA:345,450,0,20
BRDA:345,451,0,20
BRDA:346,452,0,1
BRDA:346,453,0,62
BRDA:346,454,0,20
BRDA:349,455,0,19
BRDA:349,456,0,19
BRDA:349,457,0,19
BRDA:349,458,0,1
BRDA:349,459,0,0
BRDA:349,460,0,0
BRDA:350,461,0,1
BRDA:350,462,0,19
BRDA:353,463,0,0
BRDA:354,464,0,0
BRDA:354,465,0,19
BRDA:357,466,0,17
BRDA:357,467,0,17
BRDA:357,468,0,17
BRDA:357,469,0,17
BRDA:357,470,0,0
BRDA:358,471,0,2
BRDA:358,472,0,17
BRDA:361,473,0,17
BRDA:361,474,0,1
BRDA:361,475,0,16
BRDA:362,476,0,1
BRDA:362,477,0,37
BRDA:362,478,0,16
BRDA:365,479,0,15
BRDA:365,480,0,15
BRDA:365,481,0,15
BRDA:365,482,0,15
BRDA:366,483,0,1
BRDA:366,484,0,15
BRDA:371,485,0,15
BRDA:371,486,0,15
BRDA:372,487,0,0
BRDA:372,488,0,15
BRDA:377,489,0,15
BRDA:377,490,0,15
BRDA:377,491,0,15
BRDA:378,492,0,0
BRDA:378,493,0,15
BRDA:384,494,0,15
BRDA:385,495,0,0
BRDA:385,496,0,15
BRDA:386,497,0,15
BRDA:387,498,0,0
BRDA:387,499,0,15
BRDA:389,500,0,0
BRDA:389,501,0,15
BRDA:390,502,0,15
BRDA:390,503,0,15
BRDA:391,504,0,0
BRDA:391,505,0,15
BRDA:392,506,0,15
BRDA:393,507,0,0
BRDA:393,508,0,15
BRDA:395,509,0,0
BRDA:395,510,0,15
BRDA:397,511,0,0
BRDA:397,512,0,15
BRDA:399,513,0,0
BRDA:399,514,0,15
BRDA:400,515,0,15
BRDA:401,516,0,0
BRDA:401,517,0,15
BRDA:402,518,0,15
BRDA:403,519,0,0
BRDA:403,520,0,15
BRDA:404,521,0,15
BRDA:405,522,0,0
BRDA:405,523,0,15
BRDA:407,524,0,0
BRDA:407,525,0,15
BRDA:411,526,0,15
BRDA:411,527,0,15
BRDA:412,528,0,15
BRDA:412,529,0,15
BRDA:413,530,0,15
BRDA:413,531,0,15
BRDA:413,532,0,15
BRDA:414,533,0,15
BRDA:414,534,0,15
BRDA:414,535,0,15
BRDA:417,536,0,0
BRDA:417,537,0,15
BRDA:421,538,0,0
BRDA:421,539,0,15
BRDA:424,540,0,15
BRDA:425,541,0,0
BRDA:425,542,0,15
BRDA:428,543,0,15
BRDA:428,544,0,15
BRDA:429,545,0,0
BRDA:429,546,0,15
BRDA:432,547,0,0
BRDA:433,548,0,0
BRDA:433,549,0,15
BRDA:436,550,0,15
BRDA:437,551,0,0
BRDA:437,552,0,15
BRDA:441,553,0,1
BRDA:441,554,0,14
BRDA:444,555,0,14
BRDA:445,556,0,0
BRDA:445,557,0,14
BRDA:448,558,0,14
BRDA:449,559,0,0
BRDA:449,560,0,14
BRDA:452,561,0,14
BRDA:452,562,0,14
BRDA:453,563,0,0
BRDA:453,564,0,14
BRDA:456,565,0,14
BRDA:456,566,0,14
BRDA:456,567,0,14
BRDA:457,568,0,0
BRDA:457,569,0,37
BRDA:457,570,0,14
BRDA:460,571,0,13
BRDA:460,572,0,13
BRDA:460,573,0,13
BRDA:460,574,0,13
BRDA:461,575,0,1
BRDA:461,576,0,13
BRDA:465,577,0,8
BRDA:465,578,0,2
BRDA:465,579,0,0
BRDA:465,580,0,8
BRDA:467,581,0,7
BRDA:468,582,0,1
BRDA:468,583,0,6
BRDA:468,584,0,0
BRDA:471,585,0,54
BRDA:471,586,0,6
BRDA:474,587,0,5
BRDA:474,588,0,5
BRDA:474,589,0,4
BRDA:474,590,0,4
BRDA:474,591,0,4
BRDA:474,592,0,3
BRDA:474,593,0,4
BRDA:476,594,0,2
BRDA:34,595,0,2106
BRF:596
BRH:486
end_of_record
TN:
SF:lib\responses\profile-handler.js
FNF:0
FNH:0
DA:1,1
DA:2,1
DA:3,1
DA:4,1
DA:5,1
DA:6,1
DA:7,1
DA:8,1
DA:9,1
DA:10,1
DA:11,1
DA:12,1
DA:13,1
DA:14,1
DA:15,1
DA:16,1
DA:17,1
DA:18,1
DA:19,1
DA:21,1
LF:20
LH:20
BRF:0
BRH:0
end_of_record
TN:
SF:lib\responses\response-formatter.js
FN:41,gradeResponse
FN:58,buildSmartWelcome
FN:123,getDefaultResponse
FNF:3
FNH:1
FNDA:11,gradeResponse
FNDA:0,buildSmartWelcome
FNDA:0,getDefaultResponse
DA:1,1
DA:2,1
DA:3,1
DA:4,1
DA:5,1
DA:6,1
DA:7,1
DA:8,1
DA:9,1
DA:10,1
DA:11,1
DA:12,1
DA:13,1
DA:14,1
DA:15,1
DA:16,1
DA:17,1
DA:18,1
DA:19,1
DA:21,1
DA:27,1
DA:28,1
DA:30,1
DA:31,1
DA:32,1
DA:33,1
DA:35,1
DA:36,1
DA:37,1
DA:38,1
DA:39,1
DA:40,1
DA:41,1
DA:42,11
DA:43,11
DA:44,11
DA:45,11
DA:46,11
DA:47,11
DA:48,2
DA:49,2
DA:51,1
DA:52,1
DA:53,1
DA:54,1
DA:55,1
DA:56,1
DA:57,1
DA:58,1
DA:59,0
DA:61,0
DA:62,0
DA:63,0
DA:64,0
DA:65,0
DA:66,0
DA:67,0
DA:68,0
DA:70,0
DA:71,0
DA:72,0
DA:73,0
DA:74,0
DA:75,0
DA:76,0
DA:78,0
DA:79,0
DA:80,0
DA:81,0
DA:82,0
DA:83,0
DA:84,0
DA:86,0
DA:87,0
DA:88,0
DA:89,0
DA:90,0
DA:91,0
DA:92,0
DA:93,0
DA:95,0
DA:96,0
DA:97,0
DA:98,0
DA:99,0
DA:100,0
DA:101,0
DA:103,0
DA:104,0
DA:105,0
DA:106,0
DA:107,0
DA:108,0
DA:110,0
DA:111,0
DA:112,0
DA:113,0
DA:114,0
DA:115,0
DA:116,0
DA:118,1
DA:119,1
DA:120,1
DA:121,1
DA:122,1
DA:123,1
DA:124,0
DA:125,0
DA:126,0
DA:127,0
DA:128,0
DA:129,0
LF:112
LH:55
BRDA:41,0,0,11
BRDA:42,1,0,2
BRDA:42,2,0,9
BRDA:43,3,0,1
BRDA:43,4,0,8
BRDA:44,5,0,2
BRDA:44,6,0,6
BRDA:45,7,0,1
BRDA:45,8,0,5
BRDA:46,9,0,1
BRDA:46,10,0,4
BRDA:47,11,0,2
BRF:12
BRH:12
end_of_record
TN:
SF:lib\responses\scholarships.js
FN:49,isScholarshipContext
FN:59,isSponsorsListQuery
FN:71,isAmiriScholarshipQuery
FN:84,isExternalScholarshipQuery
FN:95,isInternalScholarshipQuery
FN:105,isQatarEnergyScholarshipQuery
FN:119,isQatarAirwaysScholarshipQuery
FN:129,isQnbScholarshipQuery
FN:138,isKahramaaScholarshipQuery
FN:147,isAshghalScholarshipQuery
FN:157,isNakilatScholarshipQuery
FN:166,isNonQatariScholarshipKeyword
FN:181,isNonQatariGeneric
FN:194,isGenericScholarshipQuery
FN:203,isAmiriLegacyQuery
FN:213,matchScholarship
FNF:16
FNH:0
FNDA:0,isScholarshipContext
FNDA:0,isSponsorsListQuery
FNDA:0,isAmiriScholarshipQuery
FNDA:0,isExternalScholarshipQuery
FNDA:0,isInternalScholarshipQuery
FNDA:0,isQatarEnergyScholarshipQuery
FNDA:0,isQatarAirwaysScholarshipQuery
FNDA:0,isQnbScholarshipQuery
FNDA:0,isKahramaaScholarshipQuery
FNDA:0,isAshghalScholarshipQuery
FNDA:0,isNakilatScholarshipQuery
FNDA:0,isNonQatariScholarshipKeyword
FNDA:0,isNonQatariGeneric
FNDA:0,isGenericScholarshipQuery
FNDA:0,isAmiriLegacyQuery
FNDA:0,matchScholarship
DA:1,1
DA:2,1
DA:3,1
DA:4,1
DA:5,1
DA:6,1
DA:7,1
DA:8,1
DA:9,1
DA:10,1
DA:11,1
DA:12,1
DA:13,1
DA:14,1
DA:15,1
DA:16,1
DA:17,1
DA:18,1
DA:20,1
DA:21,1
DA:23,1
DA:24,1
DA:25,1
DA:26,1
DA:27,1
DA:28,1
DA:29,1
DA:30,1
DA:31,1
DA:32,1
DA:33,1
DA:34,1
DA:35,1
DA:36,1
DA:37,1
DA:38,1
DA:40,1
DA:41,1
DA:42,1
DA:44,1
DA:45,1
DA:46,1
DA:47,1
DA:48,1
DA:49,1
DA:50,0
DA:51,0
DA:52,0
DA:54,1
DA:55,1
DA:56,1
DA:57,1
DA:58,1
DA:59,1
DA:60,0
DA:61,0
DA:62,0
DA:63,0
DA:65,1
DA:66,1
DA:67,1
DA:68,1
DA:69,1
DA:70,1
DA:71,1
DA:72,0
DA:73,0
DA:74,0
DA:75,0
DA:76,0
DA:77,0
DA:79,1
DA:80,1
DA:81,1
DA:82,1
DA:83,1
DA:84,1
DA:85,0
DA:86,0
DA:87,0
DA:88,0
DA:90,1
DA:91,1
DA:92,1
DA:93,1
DA:94,1
DA:95,1
DA:96,0
DA:97,0
DA:99,1
DA:100,1
DA:101,1
DA:102,1
DA:103,1
DA:104,1
DA:105,1
DA:106,0
DA:107,0
DA:108,0
DA:109,0
DA:110,0
DA:111,0
DA:113,1
DA:114,1
DA:115,1
DA:116,1
DA:117,1
DA:118,1
DA:119,1
DA:120,0
DA:121,0
DA:123,1
DA:124,1
DA:125,1
DA:126,1
DA:127,1
DA:128,1
DA:129,1
DA:130,0
DA:131,0
DA:133,1
DA:134,1
DA:135,1
DA:136,1
DA:137,1
DA:138,1
DA:139,0
DA:140,0
DA:142,1
DA:143,1
DA:144,1
DA:145,1
DA:146,1
DA:147,1
DA:148,0
DA:149,0
DA:151,1
DA:152,1
DA:153,1
DA:154,1
DA:155,1
DA:156,1
DA:157,1
DA:158,0
DA:159,0
DA:161,1
DA:162,1
DA:163,1
DA:164,1
DA:165,1
DA:166,1
DA:167,0
DA:168,0
DA:169,0
DA:170,0
DA:171,0
DA:172,0
DA:173,0
DA:174,0
DA:176,1
DA:177,1
DA:178,1
DA:179,1
DA:180,1
DA:181,1
DA:182,0
DA:183,0
DA:184,0
DA:185,0
DA:186,0
DA:187,0
DA:189,1
DA:190,1
DA:191,1
DA:192,1
DA:193,1
DA:194,1
DA:195,0
DA:196,0
DA:198,1
DA:199,1
DA:200,1
DA:201,1
DA:202,1
DA:203,1
DA:204,0
DA:205,0
DA:207,1
DA:208,1
DA:209,1
DA:210,1
DA:211,1
DA:212,1
DA:213,1
DA:214,0
DA:216,0
DA:217,0
DA:218,0
DA:220,0
DA:221,0
DA:222,0
DA:224,0
DA:225,0
DA:226,0
DA:228,0
DA:229,0
DA:230,0
DA:232,0
DA:233,0
DA:234,0
DA:236,0
DA:237,0
DA:238,0
DA:240,0
DA:241,0
DA:242,0
DA:244,0
DA:245,0
DA:246,0
DA:248,0
DA:249,0
DA:250,0
DA:252,0
DA:253,0
DA:254,0
DA:256,0
DA:257,0
DA:258,0
DA:260,0
DA:261,0
LF:230
LH:141
BRF:0
BRH:0
end_of_record
TN:
SF:lib\responses\suggestion-engine.js
FN:29,mergeSuggestions
FNF:1
FNH:0
FNDA:0,mergeSuggestions
DA:1,1
DA:2,1
DA:3,1
DA:4,1
DA:5,1
DA:6,1
DA:7,1
DA:8,1
DA:9,1
DA:10,1
DA:11,1
DA:12,1
DA:13,1
DA:14,1
DA:15,1
DA:16,1
DA:18,1
DA:20,1
DA:21,1
DA:22,1
DA:23,1
DA:24,1
DA:25,1
DA:26,1
DA:27,1
DA:28,1
DA:29,1
DA:30,0
DA:31,0
DA:32,0
DA:33,0
LF:31
LH:27
BRF:0
BRH:0
end_of_record
TN:
SF:lib\responses\universities.js
FN:63,matchNewUniversity
FN:88,matchExistingUniversity
FN:113,matchMilitaryCollege
FN:132,matchComparison
FN:153,isTamuClosingQuery
FN:163,isQatariVsNonQatariQuery
FN:174,isUniversityListQuery
FN:184,isGeneralMilitaryQuery
FN:194,isAviationQuery
FN:203,isMediaQuery
FNF:10
FNH:0
FNDA:0,matchNewUniversity
FNDA:0,matchExistingUniversity
FNDA:0,matchMilitaryCollege
FNDA:0,matchComparison
FNDA:0,isTamuClosingQuery
FNDA:0,isQatariVsNonQatariQuery
FNDA:0,isUniversityListQuery
FNDA:0,isGeneralMilitaryQuery
FNDA:0,isAviationQuery
FNDA:0,isMediaQuery
DA:1,1
DA:2,1
DA:3,1
DA:4,1
DA:5,1
DA:6,1
DA:7,1
DA:8,1
DA:9,1
DA:10,1
DA:11,1
DA:12,1
DA:14,1
DA:15,1
DA:17,1
DA:18,1
DA:19,1
DA:21,1
DA:22,1
DA:24,1
DA:25,1
DA:27,1
DA:28,1
DA:30,1
DA:31,1
DA:33,1
DA:34,1
DA:35,1
DA:36,1
DA:37,1
DA:38,1
DA:39,1
DA:40,1
DA:41,1
DA:42,1
DA:44,1
DA:45,1
DA:46,1
DA:47,1
DA:48,1
DA:49,1
DA:50,1
DA:51,1
DA:52,1
DA:54,1
DA:55,1
DA:56,1
DA:58,1
DA:59,1
DA:60,1
DA:61,1
DA:62,1
DA:63,1
DA:64,0
DA:65,0
DA:66,0
DA:67,0
DA:68,0
DA:69,0
DA:70,0
DA:71,0
DA:72,0
DA:73,0
DA:74,0
DA:75,0
DA:76,0
DA:77,0
DA:78,0
DA:79,0
DA:80,0
DA:81,0
DA:83,1
DA:84,1
DA:85,1
DA:86,1
DA:87,1
DA:88,1
DA:89,0
DA:90,0
DA:91,0
DA:92,0
DA:93,0
DA:94,0
DA:95,0
DA:96,0
DA:97,0
DA:98,0
DA:99,0
DA:100,0
DA:101,0
DA:102,0
DA:103,0
DA:104,0
DA:105,0
DA:106,0
DA:108,1
DA:109,1
DA:110,1
DA:111,1
DA:112,1
DA:113,1
DA:114,0
DA:115,0
DA:116,0
DA:117,0
DA:118,0
DA:119,0
DA:120,0
DA:121,0
DA:122,0
DA:123,0
DA:124,0
DA:125,0
DA:127,1
DA:128,1
DA:129,1
DA:130,1
DA:131,1
DA:132,1
DA:133,0
DA:134,0
DA:136,0
DA:137,0
DA:138,0
DA:139,0
DA:140,0
DA:141,0
DA:142,0
DA:143,0
DA:145,0
DA:146,0
DA:148,1
DA:149,1
DA:150,1
DA:151,1
DA:152,1
DA:153,1
DA:154,0
DA:155,0
DA:156,0
DA:158,1
DA:159,1
DA:160,1
DA:161,1
DA:162,1
DA:163,1
DA:164,0
DA:165,0
DA:166,0
DA:167,0
DA:169,1
DA:170,1
DA:171,1
DA:172,1
DA:173,1
DA:174,1
DA:175,0
DA:176,0
DA:177,0
DA:179,1
DA:180,1
DA:181,1
DA:182,1
DA:183,1
DA:184,1
DA:185,0
DA:186,0
DA:187,0
DA:189,1
DA:190,1
DA:191,1
DA:192,1
DA:193,1
DA:194,1
DA:195,0
DA:196,0
DA:198,1
DA:199,1
DA:200,1
DA:201,1
DA:202,1
DA:203,1
DA:204,0
DA:205,0
LF:184
LH:107
BRF:0
BRH:0
end_of_record
